PyTorch Version: 1.12.0
CUDA device available: True
Using CUDA device: cuda:0
Random Seed: 1
Output Path: ./sortides/predictions-cacd_coral
Script: main.py
Epoch: 001/200 | Batch 0000/0448 | Cost: 3.6677
Epoch: 001/200 | Batch 0050/0448 | Cost: 25.1089
Epoch: 001/200 | Batch 0100/0448 | Cost: 6.3391
Epoch: 001/200 | Batch 0150/0448 | Cost: 13.1061
Epoch: 001/200 | Batch 0200/0448 | Cost: 15.7278
Epoch: 001/200 | Batch 0250/0448 | Cost: 42.7666
Epoch: 001/200 | Batch 0300/0448 | Cost: 10.4769
Epoch: 001/200 | Batch 0350/0448 | Cost: 57.4697
Epoch: 001/200 | Batch 0400/0448 | Cost: 83.6302
MAE/RMSE: | Current Valid: 6.65/8.58 Ep. 0 | Best Valid : 6.65/8.58 Ep. 0
Time elapsed: 0.24 min
Epoch: 002/200 | Batch 0000/0448 | Cost: 9.8626
Epoch: 002/200 | Batch 0050/0448 | Cost: 45.3635
Epoch: 002/200 | Batch 0100/0448 | Cost: 3.5748
Epoch: 002/200 | Batch 0150/0448 | Cost: 48.3837
Epoch: 002/200 | Batch 0200/0448 | Cost: 8.0323
Epoch: 002/200 | Batch 0250/0448 | Cost: 17.8612
Epoch: 002/200 | Batch 0300/0448 | Cost: 9.1477
Epoch: 002/200 | Batch 0350/0448 | Cost: 13.0581
Epoch: 002/200 | Batch 0400/0448 | Cost: 9.3260
MAE/RMSE: | Current Valid: 5.61/7.94 Ep. 1 | Best Valid : 5.61/7.94 Ep. 1
Time elapsed: 0.48 min
Epoch: 003/200 | Batch 0050/0448 | Cost: 2.8448
Epoch: 003/200 | Batch 0150/0448 | Cost: 2.9438
Epoch: 003/200 | Batch 0200/0448 | Cost: 9.3952
Epoch: 003/200 | Batch 0250/0448 | Cost: 3.9323
Epoch: 003/200 | Batch 0300/0448 | Cost: 3.5376
Epoch: 003/200 | Batch 0350/0448 | Cost: 5.3227
Epoch: 003/200 | Batch 0400/0448 | Cost: 3.9883
MAE/RMSE: | Current Valid: 5.47/7.99 Ep. 2 | Best Valid : 5.47/7.99 Ep. 2
Time elapsed: 0.70 min
Epoch: 004/200 | Batch 0000/0448 | Cost: 26.2689
Epoch: 004/200 | Batch 0050/0448 | Cost: 8.4190
Epoch: 004/200 | Batch 0100/0448 | Cost: 3.6746
Epoch: 004/200 | Batch 0150/0448 | Cost: 5.4571
Epoch: 004/200 | Batch 0200/0448 | Cost: 4.5281
Epoch: 004/200 | Batch 0250/0448 | Cost: 15.7602
Epoch: 004/200 | Batch 0300/0448 | Cost: 2.6723
Epoch: 004/200 | Batch 0350/0448 | Cost: 12.0573
Epoch: 004/200 | Batch 0400/0448 | Cost: 10.7947
MAE/RMSE: | Current Valid: 5.84/8.13 Ep. 3 | Best Valid : 5.47/7.99 Ep. 2
Time elapsed: 0.93 min
Epoch: 005/200 | Batch 0000/0448 | Cost: 3.0855
Epoch: 005/200 | Batch 0050/0448 | Cost: 4.4359
Epoch: 005/200 | Batch 0150/0448 | Cost: 3.2059
Epoch: 005/200 | Batch 0200/0448 | Cost: 4.8952
Epoch: 005/200 | Batch 0250/0448 | Cost: 12.7271
Epoch: 005/200 | Batch 0300/0448 | Cost: 2.7218
Epoch: 005/200 | Batch 0350/0448 | Cost: 24.2710
Epoch: 005/200 | Batch 0400/0448 | Cost: 5.0038
MAE/RMSE: | Current Valid: 5.89/8.07 Ep. 4 | Best Valid : 5.47/7.99 Ep. 2
Time elapsed: 1.16 min
Epoch: 006/200 | Batch 0000/0448 | Cost: 11.4712
Epoch: 006/200 | Batch 0050/0448 | Cost: 2.6635
Epoch: 006/200 | Batch 0100/0448 | Cost: 3.7330
Epoch: 006/200 | Batch 0150/0448 | Cost: 2.2688
Epoch: 006/200 | Batch 0200/0448 | Cost: 6.5280
Epoch: 006/200 | Batch 0250/0448 | Cost: 9.0903
Epoch: 006/200 | Batch 0300/0448 | Cost: 2.6791
Epoch: 006/200 | Batch 0350/0448 | Cost: 4.8114
Epoch: 006/200 | Batch 0400/0448 | Cost: 3.6991
MAE/RMSE: | Current Valid: 5.95/8.68 Ep. 5 | Best Valid : 5.47/7.99 Ep. 2
Time elapsed: 1.39 min
Epoch: 007/200 | Batch 0000/0448 | Cost: 11.1287
Epoch: 007/200 | Batch 0050/0448 | Cost: 2.8575
Epoch: 007/200 | Batch 0100/0448 | Cost: 4.3591
Epoch: 007/200 | Batch 0150/0448 | Cost: 3.0898
Epoch: 007/200 | Batch 0200/0448 | Cost: 7.1883
Epoch: 007/200 | Batch 0250/0448 | Cost: 3.5684
Epoch: 007/200 | Batch 0300/0448 | Cost: 6.3345
Epoch: 007/200 | Batch 0350/0448 | Cost: 5.8010
Epoch: 007/200 | Batch 0400/0448 | Cost: 2.8620
MAE/RMSE: | Current Valid: 7.77/10.19 Ep. 6 | Best Valid : 5.47/7.99 Ep. 2
Time elapsed: 1.62 min
Epoch: 008/200 | Batch 0000/0448 | Cost: 1.7747
Epoch: 008/200 | Batch 0050/0448 | Cost: 43.0205
Epoch: 008/200 | Batch 0100/0448 | Cost: 3.0800
Epoch: 008/200 | Batch 0150/0448 | Cost: 14.8121
Epoch: 008/200 | Batch 0300/0448 | Cost: 3.0755
Epoch: 008/200 | Batch 0350/0448 | Cost: 4.9902
Epoch: 008/200 | Batch 0400/0448 | Cost: 5.0645
MAE/RMSE: | Current Valid: 6.66/8.82 Ep. 7 | Best Valid : 5.47/7.99 Ep. 2
Time elapsed: 1.85 min
Epoch: 009/200 | Batch 0000/0448 | Cost: 5.8695
Epoch: 009/200 | Batch 0050/0448 | Cost: 19.7127
Epoch: 009/200 | Batch 0100/0448 | Cost: 4.8900
Epoch: 009/200 | Batch 0200/0448 | Cost: 7.4667
Epoch: 009/200 | Batch 0250/0448 | Cost: 7.3994
Epoch: 009/200 | Batch 0300/0448 | Cost: 3.1475
Epoch: 009/200 | Batch 0350/0448 | Cost: 4.4657
Epoch: 009/200 | Batch 0400/0448 | Cost: 10.4887
MAE/RMSE: | Current Valid: 6.12/8.71 Ep. 8 | Best Valid : 5.47/7.99 Ep. 2
Time elapsed: 2.08 min
Epoch: 010/200 | Batch 0000/0448 | Cost: 4.4436
Epoch: 010/200 | Batch 0050/0448 | Cost: 2.7900
Epoch: 010/200 | Batch 0100/0448 | Cost: 23.2157
Epoch: 010/200 | Batch 0200/0448 | Cost: 3.6289
Epoch: 010/200 | Batch 0250/0448 | Cost: 4.2111
Epoch: 010/200 | Batch 0350/0448 | Cost: 53.0048
Epoch: 010/200 | Batch 0400/0448 | Cost: 3.3228
MAE/RMSE: | Current Valid: 6.70/9.19 Ep. 9 | Best Valid : 5.47/7.99 Ep. 2
Time elapsed: 2.30 min
Epoch: 011/200 | Batch 0000/0448 | Cost: 2.6695
Epoch: 011/200 | Batch 0050/0448 | Cost: 2.6371
Epoch: 011/200 | Batch 0100/0448 | Cost: 4.1585
Epoch: 011/200 | Batch 0150/0448 | Cost: 9.8172
Epoch: 011/200 | Batch 0200/0448 | Cost: 6.5269
Epoch: 011/200 | Batch 0250/0448 | Cost: 4.1681
Epoch: 011/200 | Batch 0300/0448 | Cost: 11.1494
Epoch: 011/200 | Batch 0350/0448 | Cost: 16.1070
Epoch: 011/200 | Batch 0400/0448 | Cost: 2.6942
MAE/RMSE: | Current Valid: 6.22/7.97 Ep. 10 | Best Valid : 5.47/7.99 Ep. 2
Time elapsed: 2.53 min
Epoch: 012/200 | Batch 0000/0448 | Cost: 4.2319
Epoch: 012/200 | Batch 0100/0448 | Cost: 3.5425
Epoch: 012/200 | Batch 0150/0448 | Cost: 3.9385
Epoch: 012/200 | Batch 0200/0448 | Cost: 11.9282
Epoch: 012/200 | Batch 0250/0448 | Cost: 3.7468
Epoch: 012/200 | Batch 0350/0448 | Cost: 2.7331
Epoch: 012/200 | Batch 0400/0448 | Cost: 9.2045
MAE/RMSE: | Current Valid: 5.33/7.43 Ep. 11 | Best Valid : 5.33/7.43 Ep. 11
Time elapsed: 2.75 min
Epoch: 013/200 | Batch 0050/0448 | Cost: 4.2646
Epoch: 013/200 | Batch 0100/0448 | Cost: 3.6514
Epoch: 013/200 | Batch 0150/0448 | Cost: 3.0421
Epoch: 013/200 | Batch 0200/0448 | Cost: 4.5733
Epoch: 013/200 | Batch 0250/0448 | Cost: 3.5096
Epoch: 013/200 | Batch 0300/0448 | Cost: 1.8645
Epoch: 013/200 | Batch 0350/0448 | Cost: 3.2713
Epoch: 013/200 | Batch 0400/0448 | Cost: 2.7121
MAE/RMSE: | Current Valid: 5.55/8.05 Ep. 12 | Best Valid : 5.33/7.43 Ep. 11
Time elapsed: 2.98 min
Epoch: 014/200 | Batch 0050/0448 | Cost: 2.9286
Epoch: 014/200 | Batch 0100/0448 | Cost: 3.2324
Epoch: 014/200 | Batch 0200/0448 | Cost: 1.5663
Epoch: 014/200 | Batch 0250/0448 | Cost: 2.3541
Epoch: 014/200 | Batch 0300/0448 | Cost: 2.7971
Epoch: 014/200 | Batch 0350/0448 | Cost: 5.6138
Epoch: 014/200 | Batch 0400/0448 | Cost: 6.3239
MAE/RMSE: | Current Valid: 5.60/7.94 Ep. 13 | Best Valid : 5.33/7.43 Ep. 11
Time elapsed: 3.21 min
Epoch: 015/200 | Batch 0000/0448 | Cost: 1.0813
Epoch: 015/200 | Batch 0050/0448 | Cost: 3.7823
Epoch: 015/200 | Batch 0100/0448 | Cost: 6.0433
Epoch: 015/200 | Batch 0150/0448 | Cost: 10.3051
Epoch: 015/200 | Batch 0200/0448 | Cost: 7.6785
Epoch: 015/200 | Batch 0250/0448 | Cost: 2.5732
Epoch: 015/200 | Batch 0300/0448 | Cost: 7.1507
Epoch: 015/200 | Batch 0350/0448 | Cost: 3.9479
Epoch: 015/200 | Batch 0400/0448 | Cost: 3.9073
MAE/RMSE: | Current Valid: 5.52/7.94 Ep. 14 | Best Valid : 5.33/7.43 Ep. 11
Time elapsed: 3.43 min
Epoch: 016/200 | Batch 0000/0448 | Cost: 3.0173
Epoch: 016/200 | Batch 0050/0448 | Cost: 10.7613
Epoch: 016/200 | Batch 0150/0448 | Cost: 4.8371
Epoch: 016/200 | Batch 0200/0448 | Cost: 4.4556
Epoch: 016/200 | Batch 0250/0448 | Cost: 5.5986
Epoch: 016/200 | Batch 0400/0448 | Cost: 8.6993
MAE/RMSE: | Current Valid: 6.49/8.62 Ep. 15 | Best Valid : 5.33/7.43 Ep. 11
Time elapsed: 3.66 min
Epoch: 017/200 | Batch 0000/0448 | Cost: 4.7767
Epoch: 017/200 | Batch 0050/0448 | Cost: 2.6227
Epoch: 017/200 | Batch 0100/0448 | Cost: 5.2830
Epoch: 017/200 | Batch 0150/0448 | Cost: 2.5905
Epoch: 017/200 | Batch 0200/0448 | Cost: 3.3015
Epoch: 017/200 | Batch 0250/0448 | Cost: 7.8859
Epoch: 017/200 | Batch 0300/0448 | Cost: 3.9648
MAE/RMSE: | Current Valid: 5.41/7.50 Ep. 16 | Best Valid : 5.33/7.43 Ep. 11
Time elapsed: 3.89 min
Epoch: 018/200 | Batch 0000/0448 | Cost: 5.6945
Epoch: 018/200 | Batch 0050/0448 | Cost: 6.4531
Epoch: 018/200 | Batch 0100/0448 | Cost: 4.5956
Epoch: 018/200 | Batch 0150/0448 | Cost: 1.9452
Epoch: 018/200 | Batch 0200/0448 | Cost: 3.6227
Epoch: 018/200 | Batch 0250/0448 | Cost: 2.8190
Epoch: 018/200 | Batch 0300/0448 | Cost: 2.6521
Epoch: 018/200 | Batch 0350/0448 | Cost: 6.9788
Epoch: 018/200 | Batch 0400/0448 | Cost: 5.6148
MAE/RMSE: | Current Valid: 5.33/7.33 Ep. 17 | Best Valid : 5.33/7.43 Ep. 11
Time elapsed: 4.12 min
Epoch: 019/200 | Batch 0000/0448 | Cost: 4.3541
Epoch: 019/200 | Batch 0050/0448 | Cost: 2.5893
Epoch: 019/200 | Batch 0100/0448 | Cost: 15.2046
Epoch: 019/200 | Batch 0150/0448 | Cost: 2.8831
Epoch: 019/200 | Batch 0200/0448 | Cost: 7.3961
Epoch: 019/200 | Batch 0250/0448 | Cost: 3.4487
Epoch: 019/200 | Batch 0300/0448 | Cost: 3.2269
Epoch: 019/200 | Batch 0350/0448 | Cost: 3.9593
Epoch: 019/200 | Batch 0400/0448 | Cost: 4.4970
MAE/RMSE: | Current Valid: 5.58/7.99 Ep. 18 | Best Valid : 5.33/7.43 Ep. 11
Time elapsed: 4.35 min
Epoch: 020/200 | Batch 0000/0448 | Cost: 3.4078
Epoch: 020/200 | Batch 0050/0448 | Cost: 2.4075
Epoch: 020/200 | Batch 0100/0448 | Cost: 6.6718
Epoch: 020/200 | Batch 0200/0448 | Cost: 4.8930
Epoch: 020/200 | Batch 0250/0448 | Cost: 2.8593
Epoch: 020/200 | Batch 0300/0448 | Cost: 4.3601
Epoch: 020/200 | Batch 0350/0448 | Cost: 16.0167
Epoch: 020/200 | Batch 0400/0448 | Cost: 2.7213
MAE/RMSE: | Current Valid: 5.29/7.45 Ep. 19 | Best Valid : 5.29/7.45 Ep. 19
Time elapsed: 4.58 min
Epoch: 021/200 | Batch 0100/0448 | Cost: 2.1909
Epoch: 021/200 | Batch 0150/0448 | Cost: 11.7040
Epoch: 021/200 | Batch 0200/0448 | Cost: 1.6126
Epoch: 021/200 | Batch 0250/0448 | Cost: 2.5880
Epoch: 021/200 | Batch 0300/0448 | Cost: 2.8270
Epoch: 021/200 | Batch 0350/0448 | Cost: 3.2659
Epoch: 021/200 | Batch 0400/0448 | Cost: 4.4195
MAE/RMSE: | Current Valid: 5.39/7.37 Ep. 20 | Best Valid : 5.29/7.45 Ep. 19
Time elapsed: 4.81 min
Epoch: 022/200 | Batch 0000/0448 | Cost: 3.7093
Epoch: 022/200 | Batch 0050/0448 | Cost: 2.1418
Epoch: 022/200 | Batch 0100/0448 | Cost: 2.7881
Epoch: 022/200 | Batch 0150/0448 | Cost: 1.7212
Epoch: 022/200 | Batch 0200/0448 | Cost: 2.4966
Epoch: 022/200 | Batch 0250/0448 | Cost: 2.9599
Epoch: 022/200 | Batch 0300/0448 | Cost: 2.7872
Epoch: 022/200 | Batch 0400/0448 | Cost: 4.1064
MAE/RMSE: | Current Valid: 5.10/7.45 Ep. 21 | Best Valid : 5.10/7.45 Ep. 21
Time elapsed: 5.04 min
Epoch: 023/200 | Batch 0000/0448 | Cost: 24.5014
Epoch: 023/200 | Batch 0050/0448 | Cost: 3.4182
Epoch: 023/200 | Batch 0100/0448 | Cost: 2.6547
Epoch: 023/200 | Batch 0150/0448 | Cost: 2.8913
Epoch: 023/200 | Batch 0200/0448 | Cost: 3.0674
Epoch: 023/200 | Batch 0250/0448 | Cost: 8.0804
Epoch: 023/200 | Batch 0300/0448 | Cost: 5.5738
Epoch: 023/200 | Batch 0350/0448 | Cost: 2.9747
Epoch: 023/200 | Batch 0400/0448 | Cost: 2.1430
MAE/RMSE: | Current Valid: 9.72/12.18 Ep. 22 | Best Valid : 5.10/7.45 Ep. 21
Time elapsed: 5.26 min
Epoch: 024/200 | Batch 0000/0448 | Cost: 19.7346
Epoch: 024/200 | Batch 0050/0448 | Cost: 6.1394
Epoch: 024/200 | Batch 0100/0448 | Cost: 18.6945
Epoch: 024/200 | Batch 0150/0448 | Cost: 8.7311
Epoch: 024/200 | Batch 0250/0448 | Cost: 8.8683
Epoch: 024/200 | Batch 0300/0448 | Cost: 7.1169
Epoch: 024/200 | Batch 0350/0448 | Cost: 6.9316
Epoch: 024/200 | Batch 0400/0448 | Cost: 13.2031
MAE/RMSE: | Current Valid: 6.11/8.34 Ep. 23 | Best Valid : 5.10/7.45 Ep. 21
Time elapsed: 5.49 min
Epoch: 025/200 | Batch 0050/0448 | Cost: 2.2761
Epoch: 025/200 | Batch 0150/0448 | Cost: 3.1308
Epoch: 025/200 | Batch 0200/0448 | Cost: 13.6293
Epoch: 025/200 | Batch 0250/0448 | Cost: 4.2553
Epoch: 025/200 | Batch 0300/0448 | Cost: 2.9734
Epoch: 025/200 | Batch 0350/0448 | Cost: 3.2008
Epoch: 025/200 | Batch 0400/0448 | Cost: 4.6062
MAE/RMSE: | Current Valid: 5.35/7.26 Ep. 24 | Best Valid : 5.10/7.45 Ep. 21
Time elapsed: 5.73 min
Epoch: 026/200 | Batch 0000/0448 | Cost: 2.0872
Epoch: 026/200 | Batch 0050/0448 | Cost: 6.1592
Epoch: 026/200 | Batch 0100/0448 | Cost: 5.0592
Epoch: 026/200 | Batch 0150/0448 | Cost: 4.2198
Epoch: 026/200 | Batch 0200/0448 | Cost: 7.5395
Epoch: 026/200 | Batch 0250/0448 | Cost: 3.0980
Epoch: 026/200 | Batch 0300/0448 | Cost: 1.4536
Epoch: 026/200 | Batch 0350/0448 | Cost: 5.9203
Epoch: 026/200 | Batch 0400/0448 | Cost: 2.9513
MAE/RMSE: | Current Valid: 5.75/7.69 Ep. 25 | Best Valid : 5.10/7.45 Ep. 21
Time elapsed: 5.96 min
Epoch: 027/200 | Batch 0000/0448 | Cost: 4.1508
Epoch: 027/200 | Batch 0050/0448 | Cost: 4.5826
Epoch: 027/200 | Batch 0100/0448 | Cost: 2.2100
Epoch: 027/200 | Batch 0150/0448 | Cost: 1.6038
Epoch: 027/200 | Batch 0200/0448 | Cost: 4.4176
Epoch: 027/200 | Batch 0250/0448 | Cost: 3.0936
Epoch: 027/200 | Batch 0300/0448 | Cost: 4.1320
Epoch: 027/200 | Batch 0350/0448 | Cost: 2.1208
Epoch: 027/200 | Batch 0400/0448 | Cost: 3.3996
MAE/RMSE: | Current Valid: 7.75/9.61 Ep. 26 | Best Valid : 5.10/7.45 Ep. 21
Time elapsed: 6.19 min
Epoch: 028/200 | Batch 0050/0448 | Cost: 2.3996
Epoch: 028/200 | Batch 0100/0448 | Cost: 18.8963
Epoch: 028/200 | Batch 0150/0448 | Cost: 3.3145
Epoch: 028/200 | Batch 0200/0448 | Cost: 2.0923
Epoch: 028/200 | Batch 0250/0448 | Cost: 3.1217
Epoch: 028/200 | Batch 0300/0448 | Cost: 4.6260
Epoch: 028/200 | Batch 0350/0448 | Cost: 11.0636
MAE/RMSE: | Current Valid: 5.54/7.77 Ep. 27 | Best Valid : 5.10/7.45 Ep. 21
Time elapsed: 6.41 min
Epoch: 029/200 | Batch 0000/0448 | Cost: 1.9699
Epoch: 029/200 | Batch 0050/0448 | Cost: 2.1150
Epoch: 029/200 | Batch 0100/0448 | Cost: 7.3887
Epoch: 029/200 | Batch 0150/0448 | Cost: 5.2375
Epoch: 029/200 | Batch 0200/0448 | Cost: 3.4224
Epoch: 029/200 | Batch 0300/0448 | Cost: 1.7342
Epoch: 029/200 | Batch 0350/0448 | Cost: 5.7946
MAE/RMSE: | Current Valid: 5.59/7.79 Ep. 28 | Best Valid : 5.10/7.45 Ep. 21
Time elapsed: 6.64 min
Epoch: 030/200 | Batch 0000/0448 | Cost: 2.1257
Epoch: 030/200 | Batch 0050/0448 | Cost: 3.2098
Epoch: 030/200 | Batch 0100/0448 | Cost: 3.8885
Epoch: 030/200 | Batch 0150/0448 | Cost: 1.4003
Epoch: 030/200 | Batch 0200/0448 | Cost: 3.8554
Epoch: 030/200 | Batch 0250/0448 | Cost: 2.1964
Epoch: 030/200 | Batch 0300/0448 | Cost: 0.5651
Epoch: 030/200 | Batch 0350/0448 | Cost: 2.8274
Epoch: 030/200 | Batch 0400/0448 | Cost: 3.6185
MAE/RMSE: | Current Valid: 5.53/7.73 Ep. 29 | Best Valid : 5.10/7.45 Ep. 21
Time elapsed: 6.87 min
Epoch: 031/200 | Batch 0000/0448 | Cost: 2.6680
Epoch: 031/200 | Batch 0050/0448 | Cost: 2.6514
Epoch: 031/200 | Batch 0100/0448 | Cost: 2.3874
Epoch: 031/200 | Batch 0200/0448 | Cost: 2.9044
Epoch: 031/200 | Batch 0250/0448 | Cost: 2.1645
Epoch: 031/200 | Batch 0300/0448 | Cost: 3.2945
Epoch: 031/200 | Batch 0400/0448 | Cost: 2.5401
MAE/RMSE: | Current Valid: 5.76/7.91 Ep. 30 | Best Valid : 5.10/7.45 Ep. 21
Time elapsed: 7.10 min
Epoch: 032/200 | Batch 0000/0448 | Cost: 2.9921
Epoch: 032/200 | Batch 0050/0448 | Cost: 2.5143
Epoch: 032/200 | Batch 0100/0448 | Cost: 2.3170
Epoch: 032/200 | Batch 0150/0448 | Cost: 3.2526
Epoch: 032/200 | Batch 0200/0448 | Cost: 2.5825
Epoch: 032/200 | Batch 0250/0448 | Cost: 2.2660
Epoch: 032/200 | Batch 0300/0448 | Cost: 4.5092
Epoch: 032/200 | Batch 0350/0448 | Cost: 3.5824
Epoch: 032/200 | Batch 0400/0448 | Cost: 2.9915
MAE/RMSE: | Current Valid: 7.17/9.62 Ep. 31 | Best Valid : 5.10/7.45 Ep. 21
Time elapsed: 7.33 min
Epoch: 033/200 | Batch 0000/0448 | Cost: 2.2632
Epoch: 033/200 | Batch 0100/0448 | Cost: 1.0558
Epoch: 033/200 | Batch 0150/0448 | Cost: 10.5039
Epoch: 033/200 | Batch 0200/0448 | Cost: 5.6877
Epoch: 033/200 | Batch 0250/0448 | Cost: 4.5582
Epoch: 033/200 | Batch 0300/0448 | Cost: 3.1708
Epoch: 033/200 | Batch 0350/0448 | Cost: 6.7635
Epoch: 033/200 | Batch 0400/0448 | Cost: 1.7593
MAE/RMSE: | Current Valid: 5.93/8.38 Ep. 32 | Best Valid : 5.10/7.45 Ep. 21
Time elapsed: 7.56 min
Epoch: 034/200 | Batch 0000/0448 | Cost: 5.2234
Epoch: 034/200 | Batch 0050/0448 | Cost: 2.4948
Epoch: 034/200 | Batch 0100/0448 | Cost: 7.1316
Epoch: 034/200 | Batch 0150/0448 | Cost: 3.4758
Epoch: 034/200 | Batch 0200/0448 | Cost: 2.6922
Epoch: 034/200 | Batch 0250/0448 | Cost: 2.8324
Epoch: 034/200 | Batch 0300/0448 | Cost: 2.9242
Epoch: 034/200 | Batch 0350/0448 | Cost: 2.9938
Epoch: 034/200 | Batch 0400/0448 | Cost: 2.3923
MAE/RMSE: | Current Valid: 6.13/8.29 Ep. 33 | Best Valid : 5.10/7.45 Ep. 21
Time elapsed: 7.78 min
Epoch: 035/200 | Batch 0000/0448 | Cost: 2.2434
Epoch: 035/200 | Batch 0050/0448 | Cost: 2.0964
Epoch: 035/200 | Batch 0150/0448 | Cost: 2.6143
Epoch: 035/200 | Batch 0200/0448 | Cost: 3.3320
Epoch: 035/200 | Batch 0250/0448 | Cost: 2.2144
Epoch: 035/200 | Batch 0300/0448 | Cost: 8.0256
Epoch: 035/200 | Batch 0350/0448 | Cost: 2.7414
Epoch: 035/200 | Batch 0400/0448 | Cost: 3.4276
MAE/RMSE: | Current Valid: 8.28/10.85 Ep. 34 | Best Valid : 5.10/7.45 Ep. 21
Time elapsed: 8.01 min
Epoch: 036/200 | Batch 0000/0448 | Cost: 2.9876
Epoch: 036/200 | Batch 0100/0448 | Cost: 7.4141
Epoch: 036/200 | Batch 0150/0448 | Cost: 13.6011
Epoch: 036/200 | Batch 0200/0448 | Cost: 13.1421
Epoch: 036/200 | Batch 0250/0448 | Cost: 8.6145
Epoch: 036/200 | Batch 0300/0448 | Cost: 1.0695
Epoch: 036/200 | Batch 0350/0448 | Cost: 22.6551
Epoch: 036/200 | Batch 0400/0448 | Cost: 7.2222
MAE/RMSE: | Current Valid: 6.73/9.21 Ep. 35 | Best Valid : 5.10/7.45 Ep. 21
Time elapsed: 8.24 min
Epoch: 037/200 | Batch 0000/0448 | Cost: 8.0958
Epoch: 037/200 | Batch 0050/0448 | Cost: 2.3280
Epoch: 037/200 | Batch 0100/0448 | Cost: 3.7551
Epoch: 037/200 | Batch 0150/0448 | Cost: 92.3647
Epoch: 037/200 | Batch 0200/0448 | Cost: 3.1780
Epoch: 037/200 | Batch 0250/0448 | Cost: 3.2663
Epoch: 037/200 | Batch 0300/0448 | Cost: 3.6524
Epoch: 037/200 | Batch 0350/0448 | Cost: 2.6269
Epoch: 037/200 | Batch 0400/0448 | Cost: 51.0422
MAE/RMSE: | Current Valid: 6.39/8.71 Ep. 36 | Best Valid : 5.10/7.45 Ep. 21
Time elapsed: 8.46 min
Epoch: 038/200 | Batch 0000/0448 | Cost: 3.1971
Epoch: 038/200 | Batch 0050/0448 | Cost: 2.0032
Epoch: 038/200 | Batch 0100/0448 | Cost: 8.3111
Epoch: 038/200 | Batch 0150/0448 | Cost: 2.7745
Epoch: 038/200 | Batch 0200/0448 | Cost: 3.8691
Epoch: 038/200 | Batch 0250/0448 | Cost: 2.4861
Epoch: 038/200 | Batch 0300/0448 | Cost: 2.3926
MAE/RMSE: | Current Valid: 6.10/8.46 Ep. 37 | Best Valid : 5.10/7.45 Ep. 21
Time elapsed: 8.69 min
Epoch: 039/200 | Batch 0000/0448 | Cost: 1.5853
Epoch: 039/200 | Batch 0100/0448 | Cost: 2.7369
Epoch: 039/200 | Batch 0150/0448 | Cost: 2.3786
Epoch: 039/200 | Batch 0200/0448 | Cost: 3.1801
Epoch: 039/200 | Batch 0250/0448 | Cost: 10.7899
Epoch: 039/200 | Batch 0300/0448 | Cost: 5.5774
Epoch: 039/200 | Batch 0350/0448 | Cost: 2.3068
Epoch: 039/200 | Batch 0400/0448 | Cost: 4.4375
MAE/RMSE: | Current Valid: 6.11/8.21 Ep. 38 | Best Valid : 5.10/7.45 Ep. 21
Time elapsed: 8.92 min
Epoch: 040/200 | Batch 0050/0448 | Cost: 2.2507
Epoch: 040/200 | Batch 0100/0448 | Cost: 2.1088
Epoch: 040/200 | Batch 0150/0448 | Cost: 2.7290
Epoch: 040/200 | Batch 0300/0448 | Cost: 2.3112
Epoch: 040/200 | Batch 0350/0448 | Cost: 0.5627
Epoch: 040/200 | Batch 0400/0448 | Cost: 2.6676
MAE/RMSE: | Current Valid: 6.12/8.31 Ep. 39 | Best Valid : 5.10/7.45 Ep. 21
Time elapsed: 9.14 min
Epoch: 041/200 | Batch 0000/0448 | Cost: 2.5539
Epoch: 041/200 | Batch 0100/0448 | Cost: 1.8120
Epoch: 041/200 | Batch 0150/0448 | Cost: 4.4612
Epoch: 041/200 | Batch 0200/0448 | Cost: 2.2976
Epoch: 041/200 | Batch 0250/0448 | Cost: 2.9223
Epoch: 041/200 | Batch 0300/0448 | Cost: 2.1602
Epoch: 041/200 | Batch 0350/0448 | Cost: 2.0182
Epoch: 041/200 | Batch 0400/0448 | Cost: 0.3964
MAE/RMSE: | Current Valid: 6.05/8.57 Ep. 40 | Best Valid : 5.10/7.45 Ep. 21
Time elapsed: 9.38 min
Epoch: 042/200 | Batch 0000/0448 | Cost: 2.3982
Epoch: 042/200 | Batch 0050/0448 | Cost: 3.1667
Epoch: 042/200 | Batch 0100/0448 | Cost: 1.9010
Epoch: 042/200 | Batch 0150/0448 | Cost: 3.8655
Epoch: 042/200 | Batch 0200/0448 | Cost: 9.2130
Epoch: 042/200 | Batch 0250/0448 | Cost: 0.6499
Epoch: 042/200 | Batch 0300/0448 | Cost: 2.0424
Epoch: 042/200 | Batch 0400/0448 | Cost: 1.5615
MAE/RMSE: | Current Valid: 6.20/8.45 Ep. 41 | Best Valid : 5.10/7.45 Ep. 21
Time elapsed: 9.61 min
Epoch: 043/200 | Batch 0050/0448 | Cost: 1.9439
Epoch: 043/200 | Batch 0100/0448 | Cost: 2.8313
Epoch: 043/200 | Batch 0150/0448 | Cost: 5.4721
Epoch: 043/200 | Batch 0200/0448 | Cost: 2.8335
Epoch: 043/200 | Batch 0250/0448 | Cost: 2.9537
Epoch: 043/200 | Batch 0300/0448 | Cost: 3.5441
Epoch: 043/200 | Batch 0400/0448 | Cost: 5.3693
MAE/RMSE: | Current Valid: 6.49/8.57 Ep. 42 | Best Valid : 5.10/7.45 Ep. 21
Time elapsed: 9.84 min
Epoch: 044/200 | Batch 0050/0448 | Cost: 0.6201
Epoch: 044/200 | Batch 0150/0448 | Cost: 2.3344
Epoch: 044/200 | Batch 0200/0448 | Cost: 4.6864
Epoch: 044/200 | Batch 0250/0448 | Cost: 5.3636
Epoch: 044/200 | Batch 0300/0448 | Cost: 3.3793
Epoch: 044/200 | Batch 0350/0448 | Cost: 1.9027
Epoch: 044/200 | Batch 0400/0448 | Cost: 3.0398
MAE/RMSE: | Current Valid: 6.81/9.48 Ep. 43 | Best Valid : 5.10/7.45 Ep. 21
Time elapsed: 10.08 min
Epoch: 045/200 | Batch 0000/0448 | Cost: 3.4805
Epoch: 045/200 | Batch 0050/0448 | Cost: 2.7559
Epoch: 045/200 | Batch 0100/0448 | Cost: 2.5554
Epoch: 045/200 | Batch 0150/0448 | Cost: 3.9191
Epoch: 045/200 | Batch 0250/0448 | Cost: 1.7334
Epoch: 045/200 | Batch 0300/0448 | Cost: 1.1765
Epoch: 045/200 | Batch 0350/0448 | Cost: 2.3663
Epoch: 045/200 | Batch 0400/0448 | Cost: 2.6072
MAE/RMSE: | Current Valid: 5.63/8.06 Ep. 44 | Best Valid : 5.10/7.45 Ep. 21
Time elapsed: 10.30 min
Epoch: 046/200 | Batch 0000/0448 | Cost: 1.2193
Epoch: 046/200 | Batch 0050/0448 | Cost: 3.2914
Epoch: 046/200 | Batch 0100/0448 | Cost: 4.6474
Epoch: 046/200 | Batch 0200/0448 | Cost: 1.5265
Epoch: 046/200 | Batch 0250/0448 | Cost: 2.5794
Epoch: 046/200 | Batch 0300/0448 | Cost: 2.2455
Epoch: 046/200 | Batch 0350/0448 | Cost: 1.8906
Epoch: 046/200 | Batch 0400/0448 | Cost: 4.0072
MAE/RMSE: | Current Valid: 5.36/7.81 Ep. 45 | Best Valid : 5.10/7.45 Ep. 21
Time elapsed: 10.54 min
Epoch: 047/200 | Batch 0000/0448 | Cost: 4.3625
Epoch: 047/200 | Batch 0050/0448 | Cost: 2.7723
Epoch: 047/200 | Batch 0100/0448 | Cost: 2.8298
Epoch: 047/200 | Batch 0150/0448 | Cost: 4.2954
Epoch: 047/200 | Batch 0200/0448 | Cost: 2.2776
Epoch: 047/200 | Batch 0250/0448 | Cost: 3.9253
Epoch: 047/200 | Batch 0300/0448 | Cost: 3.5606
Epoch: 047/200 | Batch 0350/0448 | Cost: 2.0618
Epoch: 047/200 | Batch 0400/0448 | Cost: 2.7907
MAE/RMSE: | Current Valid: 6.06/8.28 Ep. 46 | Best Valid : 5.10/7.45 Ep. 21
Time elapsed: 10.76 min
Epoch: 048/200 | Batch 0000/0448 | Cost: 2.5988
Epoch: 048/200 | Batch 0050/0448 | Cost: 4.7308
Epoch: 048/200 | Batch 0100/0448 | Cost: 1.8686
Epoch: 048/200 | Batch 0150/0448 | Cost: 2.6267
Epoch: 048/200 | Batch 0200/0448 | Cost: 6.9122
Epoch: 048/200 | Batch 0250/0448 | Cost: 2.2460
Epoch: 048/200 | Batch 0300/0448 | Cost: 5.1243
Epoch: 048/200 | Batch 0350/0448 | Cost: 24.9345
Epoch: 048/200 | Batch 0400/0448 | Cost: 40.0825
MAE/RMSE: | Current Valid: 7.84/10.33 Ep. 47 | Best Valid : 5.10/7.45 Ep. 21
Time elapsed: 10.99 min
Epoch: 049/200 | Batch 0000/0448 | Cost: 13.5009
Epoch: 049/200 | Batch 0100/0448 | Cost: 7.3742
Epoch: 049/200 | Batch 0150/0448 | Cost: 3.4338
Epoch: 049/200 | Batch 0200/0448 | Cost: 11.7537
Epoch: 049/200 | Batch 0250/0448 | Cost: 9.0108
Epoch: 049/200 | Batch 0300/0448 | Cost: 3.5600
Epoch: 049/200 | Batch 0350/0448 | Cost: 5.5518
Epoch: 049/200 | Batch 0400/0448 | Cost: 17.5951
MAE/RMSE: | Current Valid: 6.75/9.71 Ep. 48 | Best Valid : 5.10/7.45 Ep. 21
Time elapsed: 11.22 min
Epoch: 050/200 | Batch 0050/0448 | Cost: 4.1665
Epoch: 050/200 | Batch 0100/0448 | Cost: 2.7585
Epoch: 050/200 | Batch 0200/0448 | Cost: 6.3136
Epoch: 050/200 | Batch 0250/0448 | Cost: 2.3584
Epoch: 050/200 | Batch 0300/0448 | Cost: 1.8333
Epoch: 050/200 | Batch 0350/0448 | Cost: 3.8496
Epoch: 050/200 | Batch 0400/0448 | Cost: 3.4644
MAE/RMSE: | Current Valid: 6.82/9.75 Ep. 49 | Best Valid : 5.10/7.45 Ep. 21
Time elapsed: 11.46 min
Epoch: 051/200 | Batch 0000/0448 | Cost: 1.6609
Epoch: 051/200 | Batch 0050/0448 | Cost: 3.7582
Epoch: 051/200 | Batch 0100/0448 | Cost: 2.4630
Epoch: 051/200 | Batch 0150/0448 | Cost: 3.2825
Epoch: 051/200 | Batch 0200/0448 | Cost: 1.9617
Epoch: 051/200 | Batch 0250/0448 | Cost: 4.8397
Epoch: 051/200 | Batch 0300/0448 | Cost: 3.0089
Epoch: 051/200 | Batch 0350/0448 | Cost: 2.3849
MAE/RMSE: | Current Valid: 6.58/9.32 Ep. 50 | Best Valid : 5.10/7.45 Ep. 21
Time elapsed: 11.68 min
Epoch: 052/200 | Batch 0000/0448 | Cost: 3.4290
Epoch: 052/200 | Batch 0050/0448 | Cost: 1.9348
Epoch: 052/200 | Batch 0100/0448 | Cost: 5.4476
Epoch: 052/200 | Batch 0150/0448 | Cost: 3.0604
Epoch: 052/200 | Batch 0200/0448 | Cost: 4.1185
Epoch: 052/200 | Batch 0250/0448 | Cost: 3.1396
Epoch: 052/200 | Batch 0300/0448 | Cost: 2.6756
Epoch: 052/200 | Batch 0350/0448 | Cost: 2.6930
Epoch: 052/200 | Batch 0400/0448 | Cost: 3.0032
MAE/RMSE: | Current Valid: 6.54/9.34 Ep. 51 | Best Valid : 5.10/7.45 Ep. 21
Time elapsed: 11.92 min
Epoch: 053/200 | Batch 0000/0448 | Cost: 3.1712
Epoch: 053/200 | Batch 0050/0448 | Cost: 5.0419
Epoch: 053/200 | Batch 0150/0448 | Cost: 2.3046
Epoch: 053/200 | Batch 0200/0448 | Cost: 1.6555
Epoch: 053/200 | Batch 0250/0448 | Cost: 3.4241
Epoch: 053/200 | Batch 0300/0448 | Cost: 2.3085
Epoch: 053/200 | Batch 0350/0448 | Cost: 2.1443
Epoch: 053/200 | Batch 0400/0448 | Cost: 3.2825
MAE/RMSE: | Current Valid: 6.23/9.22 Ep. 52 | Best Valid : 5.10/7.45 Ep. 21
Time elapsed: 12.15 min
Epoch: 054/200 | Batch 0000/0448 | Cost: 2.2530
Epoch: 054/200 | Batch 0050/0448 | Cost: 2.2418
Epoch: 054/200 | Batch 0150/0448 | Cost: 3.2091
Epoch: 054/200 | Batch 0200/0448 | Cost: 1.9042
Epoch: 054/200 | Batch 0250/0448 | Cost: 1.4085
Epoch: 054/200 | Batch 0400/0448 | Cost: 0.2935
MAE/RMSE: | Current Valid: 6.61/9.53 Ep. 53 | Best Valid : 5.10/7.45 Ep. 21
Time elapsed: 12.38 min
Epoch: 055/200 | Batch 0000/0448 | Cost: 3.7431
Epoch: 055/200 | Batch 0050/0448 | Cost: 2.5842
Epoch: 055/200 | Batch 0100/0448 | Cost: 2.4053
Epoch: 055/200 | Batch 0150/0448 | Cost: 2.4092
Epoch: 055/200 | Batch 0200/0448 | Cost: 2.7021
Epoch: 055/200 | Batch 0250/0448 | Cost: 2.7494
Epoch: 055/200 | Batch 0300/0448 | Cost: 3.1314
Epoch: 055/200 | Batch 0350/0448 | Cost: 2.1109
MAE/RMSE: | Current Valid: 6.49/9.18 Ep. 54 | Best Valid : 5.10/7.45 Ep. 21
Time elapsed: 12.60 min
Epoch: 056/200 | Batch 0050/0448 | Cost: 3.4646
Epoch: 056/200 | Batch 0100/0448 | Cost: 2.8538
Epoch: 056/200 | Batch 0150/0448 | Cost: 2.8077
Epoch: 056/200 | Batch 0200/0448 | Cost: 4.5668
Epoch: 056/200 | Batch 0250/0448 | Cost: 3.2626
Epoch: 056/200 | Batch 0300/0448 | Cost: 2.4856
Epoch: 056/200 | Batch 0350/0448 | Cost: 2.9889
Epoch: 056/200 | Batch 0400/0448 | Cost: 2.8537
MAE/RMSE: | Current Valid: 6.53/9.32 Ep. 55 | Best Valid : 5.10/7.45 Ep. 21
Time elapsed: 12.83 min
Epoch: 057/200 | Batch 0000/0448 | Cost: 2.3104
Epoch: 057/200 | Batch 0050/0448 | Cost: 1.2935
Epoch: 057/200 | Batch 0100/0448 | Cost: 1.9743
Epoch: 057/200 | Batch 0150/0448 | Cost: 2.3910
Epoch: 057/200 | Batch 0200/0448 | Cost: 2.9694
Epoch: 057/200 | Batch 0250/0448 | Cost: 3.8273
Epoch: 057/200 | Batch 0300/0448 | Cost: 4.1594
Epoch: 057/200 | Batch 0350/0448 | Cost: 2.5707
Epoch: 057/200 | Batch 0400/0448 | Cost: 2.5756
MAE/RMSE: | Current Valid: 7.82/10.19 Ep. 56 | Best Valid : 5.10/7.45 Ep. 21
Time elapsed: 13.06 min
Epoch: 058/200 | Batch 0000/0448 | Cost: 5.0026
Epoch: 058/200 | Batch 0050/0448 | Cost: 13.7021
Epoch: 058/200 | Batch 0100/0448 | Cost: 14.3170
Epoch: 058/200 | Batch 0150/0448 | Cost: 14.4057
Epoch: 058/200 | Batch 0200/0448 | Cost: 25.4252
Epoch: 058/200 | Batch 0250/0448 | Cost: 5.7244
Epoch: 058/200 | Batch 0350/0448 | Cost: 6.5985
Epoch: 058/200 | Batch 0400/0448 | Cost: 7.1981
MAE/RMSE: | Current Valid: 6.66/8.99 Ep. 57 | Best Valid : 5.10/7.45 Ep. 21
Time elapsed: 13.29 min
Epoch: 059/200 | Batch 0000/0448 | Cost: 2.7162
Epoch: 059/200 | Batch 0050/0448 | Cost: 1.4123
Epoch: 059/200 | Batch 0100/0448 | Cost: 3.2319
Epoch: 059/200 | Batch 0150/0448 | Cost: 3.3475
Epoch: 059/200 | Batch 0200/0448 | Cost: 2.5816
Epoch: 059/200 | Batch 0250/0448 | Cost: 3.8897
Epoch: 059/200 | Batch 0350/0448 | Cost: 5.6994
Epoch: 059/200 | Batch 0400/0448 | Cost: 3.9825
MAE/RMSE: | Current Valid: 6.17/8.71 Ep. 58 | Best Valid : 5.10/7.45 Ep. 21
Time elapsed: 13.52 min
Epoch: 060/200 | Batch 0000/0448 | Cost: 5.7379
Epoch: 060/200 | Batch 0050/0448 | Cost: 1.2696
Epoch: 060/200 | Batch 0100/0448 | Cost: 4.3657
Epoch: 060/200 | Batch 0150/0448 | Cost: 2.5462
Epoch: 060/200 | Batch 0200/0448 | Cost: 2.7461
Epoch: 060/200 | Batch 0250/0448 | Cost: 70.4405
Epoch: 060/200 | Batch 0300/0448 | Cost: 3.4626
Epoch: 060/200 | Batch 0350/0448 | Cost: 2.8563
Epoch: 060/200 | Batch 0400/0448 | Cost: 2.5296
MAE/RMSE: | Current Valid: 6.30/8.96 Ep. 59 | Best Valid : 5.10/7.45 Ep. 21
Time elapsed: 13.75 min
Epoch: 061/200 | Batch 0000/0448 | Cost: 2.6992
Epoch: 061/200 | Batch 0050/0448 | Cost: 22.7187
Epoch: 061/200 | Batch 0100/0448 | Cost: 3.6904
Epoch: 061/200 | Batch 0150/0448 | Cost: 2.7509
Epoch: 061/200 | Batch 0200/0448 | Cost: 2.7911
Epoch: 061/200 | Batch 0300/0448 | Cost: 3.8963
Epoch: 061/200 | Batch 0350/0448 | Cost: 3.3794
Epoch: 061/200 | Batch 0400/0448 | Cost: 3.6265
MAE/RMSE: | Current Valid: 5.95/8.38 Ep. 60 | Best Valid : 5.10/7.45 Ep. 21
Time elapsed: 13.98 min
Epoch: 062/200 | Batch 0000/0448 | Cost: 2.0715
Epoch: 062/200 | Batch 0050/0448 | Cost: 2.0693
Epoch: 062/200 | Batch 0100/0448 | Cost: 3.9455
Epoch: 062/200 | Batch 0150/0448 | Cost: 2.9332
Epoch: 062/200 | Batch 0200/0448 | Cost: 1.5675
Epoch: 062/200 | Batch 0250/0448 | Cost: 3.1545
Epoch: 062/200 | Batch 0300/0448 | Cost: 3.0850
Epoch: 062/200 | Batch 0350/0448 | Cost: 2.4261
Epoch: 062/200 | Batch 0400/0448 | Cost: 2.3390
MAE/RMSE: | Current Valid: 5.89/8.34 Ep. 61 | Best Valid : 5.10/7.45 Ep. 21
Time elapsed: 14.21 min
Epoch: 063/200 | Batch 0000/0448 | Cost: 2.2055
Epoch: 063/200 | Batch 0050/0448 | Cost: 2.1576
Epoch: 063/200 | Batch 0100/0448 | Cost: 2.5177
Epoch: 063/200 | Batch 0150/0448 | Cost: 2.6571
Epoch: 063/200 | Batch 0200/0448 | Cost: 1.8429
Epoch: 063/200 | Batch 0250/0448 | Cost: 2.9064
Epoch: 063/200 | Batch 0300/0448 | Cost: 2.1975
Epoch: 063/200 | Batch 0350/0448 | Cost: 2.1528
Epoch: 063/200 | Batch 0400/0448 | Cost: 1.9989
MAE/RMSE: | Current Valid: 6.05/8.60 Ep. 62 | Best Valid : 5.10/7.45 Ep. 21
Time elapsed: 14.43 min
Epoch: 064/200 | Batch 0000/0448 | Cost: 3.6647
Epoch: 064/200 | Batch 0050/0448 | Cost: 2.8709
Epoch: 064/200 | Batch 0100/0448 | Cost: 2.5281
Epoch: 064/200 | Batch 0150/0448 | Cost: 1.8888
Epoch: 064/200 | Batch 0200/0448 | Cost: 1.1881
Epoch: 064/200 | Batch 0250/0448 | Cost: 3.1362
Epoch: 064/200 | Batch 0300/0448 | Cost: 2.0830
Epoch: 064/200 | Batch 0350/0448 | Cost: 3.1552
Epoch: 064/200 | Batch 0400/0448 | Cost: 2.2923
MAE/RMSE: | Current Valid: 5.95/8.41 Ep. 63 | Best Valid : 5.10/7.45 Ep. 21
Time elapsed: 14.67 min
Epoch: 065/200 | Batch 0000/0448 | Cost: 5.2878
Epoch: 065/200 | Batch 0050/0448 | Cost: 2.4216
Epoch: 065/200 | Batch 0100/0448 | Cost: 4.0420
Epoch: 065/200 | Batch 0150/0448 | Cost: 1.0067
Epoch: 065/200 | Batch 0200/0448 | Cost: 4.8042
Epoch: 065/200 | Batch 0300/0448 | Cost: 0.2208
Epoch: 065/200 | Batch 0400/0448 | Cost: 1.1899
MAE/RMSE: | Current Valid: 5.96/8.68 Ep. 64 | Best Valid : 5.10/7.45 Ep. 21
Time elapsed: 14.90 min
Epoch: 066/200 | Batch 0000/0448 | Cost: 3.1434
Epoch: 066/200 | Batch 0100/0448 | Cost: 3.9475
Epoch: 066/200 | Batch 0150/0448 | Cost: 4.0776
Epoch: 066/200 | Batch 0200/0448 | Cost: 3.0985
Epoch: 066/200 | Batch 0250/0448 | Cost: 3.0591
Epoch: 066/200 | Batch 0300/0448 | Cost: 2.1224
Epoch: 066/200 | Batch 0350/0448 | Cost: 2.3747
Epoch: 066/200 | Batch 0400/0448 | Cost: 2.0275
MAE/RMSE: | Current Valid: 6.16/8.75 Ep. 65 | Best Valid : 5.10/7.45 Ep. 21
Time elapsed: 15.13 min
Epoch: 067/200 | Batch 0000/0448 | Cost: 2.5856
Epoch: 067/200 | Batch 0050/0448 | Cost: 2.6330
Epoch: 067/200 | Batch 0100/0448 | Cost: 1.8464
Epoch: 067/200 | Batch 0150/0448 | Cost: 1.9145
Epoch: 067/200 | Batch 0250/0448 | Cost: 0.2115
Epoch: 067/200 | Batch 0300/0448 | Cost: 2.9644
Epoch: 067/200 | Batch 0350/0448 | Cost: 1.5380
Epoch: 067/200 | Batch 0400/0448 | Cost: 2.6371
MAE/RMSE: | Current Valid: 6.13/8.87 Ep. 66 | Best Valid : 5.10/7.45 Ep. 21
Time elapsed: 15.35 min
Epoch: 068/200 | Batch 0000/0448 | Cost: 2.7861
Epoch: 068/200 | Batch 0050/0448 | Cost: 2.0848
Epoch: 068/200 | Batch 0100/0448 | Cost: 3.4424
Epoch: 068/200 | Batch 0150/0448 | Cost: 2.6368
Epoch: 068/200 | Batch 0200/0448 | Cost: 3.5757
Epoch: 068/200 | Batch 0250/0448 | Cost: 2.4400
Epoch: 068/200 | Batch 0300/0448 | Cost: 1.9373
Epoch: 068/200 | Batch 0350/0448 | Cost: 2.0851
Epoch: 068/200 | Batch 0400/0448 | Cost: 1.9864
MAE/RMSE: | Current Valid: 6.22/8.84 Ep. 67 | Best Valid : 5.10/7.45 Ep. 21
Time elapsed: 15.58 min
Epoch: 069/200 | Batch 0000/0448 | Cost: 2.2909
Epoch: 069/200 | Batch 0100/0448 | Cost: 2.0134
Epoch: 069/200 | Batch 0150/0448 | Cost: 2.2578
Epoch: 069/200 | Batch 0200/0448 | Cost: 2.8162
Epoch: 069/200 | Batch 0250/0448 | Cost: 4.1037
MAE/RMSE: | Current Valid: 6.35/9.27 Ep. 68 | Best Valid : 5.10/7.45 Ep. 21
Time elapsed: 15.81 min
Epoch: 070/200 | Batch 0000/0448 | Cost: 2.2073
Epoch: 070/200 | Batch 0050/0448 | Cost: 2.3095
Epoch: 070/200 | Batch 0100/0448 | Cost: 3.1885
Epoch: 070/200 | Batch 0150/0448 | Cost: 2.7577
Epoch: 070/200 | Batch 0200/0448 | Cost: 1.6621
Epoch: 070/200 | Batch 0300/0448 | Cost: 1.7852
Epoch: 070/200 | Batch 0350/0448 | Cost: 1.6588
Epoch: 070/200 | Batch 0400/0448 | Cost: 2.1475
MAE/RMSE: | Current Valid: 6.71/9.26 Ep. 69 | Best Valid : 5.10/7.45 Ep. 21
Time elapsed: 16.05 min
Epoch: 071/200 | Batch 0050/0448 | Cost: 2.4118
Epoch: 071/200 | Batch 0150/0448 | Cost: 2.8483
Epoch: 071/200 | Batch 0200/0448 | Cost: 2.1055
Epoch: 071/200 | Batch 0300/0448 | Cost: 5.0793
Epoch: 071/200 | Batch 0400/0448 | Cost: 1.8679
MAE/RMSE: | Current Valid: 6.22/8.72 Ep. 70 | Best Valid : 5.10/7.45 Ep. 21
Time elapsed: 16.28 min
Epoch: 072/200 | Batch 0000/0448 | Cost: 2.3045
Epoch: 072/200 | Batch 0050/0448 | Cost: 1.7654
Epoch: 072/200 | Batch 0100/0448 | Cost: 2.0729
Epoch: 072/200 | Batch 0150/0448 | Cost: 2.3590
Epoch: 072/200 | Batch 0250/0448 | Cost: 4.3964
Epoch: 072/200 | Batch 0300/0448 | Cost: 33.8838
Epoch: 072/200 | Batch 0350/0448 | Cost: 2.7232
MAE/RMSE: | Current Valid: 7.93/10.25 Ep. 71 | Best Valid : 5.10/7.45 Ep. 21
Time elapsed: 16.50 min
Epoch: 073/200 | Batch 0000/0448 | Cost: 3.4417
Epoch: 073/200 | Batch 0100/0448 | Cost: 27.4539
Epoch: 073/200 | Batch 0200/0448 | Cost: 3.8377
Epoch: 073/200 | Batch 0250/0448 | Cost: 4.1045
Epoch: 073/200 | Batch 0300/0448 | Cost: 4.2718
Epoch: 073/200 | Batch 0350/0448 | Cost: 3.1188
Epoch: 073/200 | Batch 0400/0448 | Cost: 5.3313
MAE/RMSE: | Current Valid: 6.67/9.19 Ep. 72 | Best Valid : 5.10/7.45 Ep. 21
Time elapsed: 16.73 min
Epoch: 074/200 | Batch 0000/0448 | Cost: 3.4608
Epoch: 074/200 | Batch 0050/0448 | Cost: 4.8862
Epoch: 074/200 | Batch 0100/0448 | Cost: 2.5564
Epoch: 074/200 | Batch 0150/0448 | Cost: 2.5447
Epoch: 074/200 | Batch 0200/0448 | Cost: 1.5722
Epoch: 074/200 | Batch 0250/0448 | Cost: 1.8626
Epoch: 074/200 | Batch 0300/0448 | Cost: 5.3483
Epoch: 074/200 | Batch 0350/0448 | Cost: 4.7611
Epoch: 074/200 | Batch 0400/0448 | Cost: 2.6082
MAE/RMSE: | Current Valid: 6.54/8.83 Ep. 73 | Best Valid : 5.10/7.45 Ep. 21
Time elapsed: 16.96 min
Epoch: 075/200 | Batch 0000/0448 | Cost: 3.4778
Epoch: 075/200 | Batch 0050/0448 | Cost: 4.0577
Epoch: 075/200 | Batch 0100/0448 | Cost: 2.8350
Epoch: 075/200 | Batch 0150/0448 | Cost: 3.5946
Epoch: 075/200 | Batch 0200/0448 | Cost: 2.2524
Epoch: 075/200 | Batch 0300/0448 | Cost: 1.0454
Epoch: 075/200 | Batch 0400/0448 | Cost: 2.9398
MAE/RMSE: | Current Valid: 6.39/9.09 Ep. 74 | Best Valid : 5.10/7.45 Ep. 21
Time elapsed: 17.19 min
Epoch: 076/200 | Batch 0000/0448 | Cost: 2.8227
Epoch: 076/200 | Batch 0050/0448 | Cost: 2.9835
Epoch: 076/200 | Batch 0150/0448 | Cost: 2.5934
Epoch: 076/200 | Batch 0200/0448 | Cost: 3.6980
Epoch: 076/200 | Batch 0250/0448 | Cost: 2.8304
Epoch: 076/200 | Batch 0300/0448 | Cost: 1.7739
Epoch: 076/200 | Batch 0400/0448 | Cost: 2.2053
MAE/RMSE: | Current Valid: 6.37/9.10 Ep. 75 | Best Valid : 5.10/7.45 Ep. 21
Time elapsed: 17.42 min
Epoch: 077/200 | Batch 0000/0448 | Cost: 3.0528
Epoch: 077/200 | Batch 0050/0448 | Cost: 1.7669
Epoch: 077/200 | Batch 0100/0448 | Cost: 2.2679
Epoch: 077/200 | Batch 0150/0448 | Cost: 1.0817
Epoch: 077/200 | Batch 0200/0448 | Cost: 1.8407
Epoch: 077/200 | Batch 0250/0448 | Cost: 2.0369
Epoch: 077/200 | Batch 0300/0448 | Cost: 1.8376
Epoch: 077/200 | Batch 0350/0448 | Cost: 2.6292
Epoch: 077/200 | Batch 0400/0448 | Cost: 1.0392
MAE/RMSE: | Current Valid: 6.52/9.17 Ep. 76 | Best Valid : 5.10/7.45 Ep. 21
Time elapsed: 17.65 min
Epoch: 078/200 | Batch 0000/0448 | Cost: 0.1745
Epoch: 078/200 | Batch 0100/0448 | Cost: 2.6793
Epoch: 078/200 | Batch 0150/0448 | Cost: 2.4336
Epoch: 078/200 | Batch 0200/0448 | Cost: 2.2841
Epoch: 078/200 | Batch 0250/0448 | Cost: 2.9446
Epoch: 078/200 | Batch 0300/0448 | Cost: 2.3363
Epoch: 078/200 | Batch 0350/0448 | Cost: 3.6339
Epoch: 078/200 | Batch 0400/0448 | Cost: 2.5217
MAE/RMSE: | Current Valid: 6.57/9.18 Ep. 77 | Best Valid : 5.10/7.45 Ep. 21
Time elapsed: 17.88 min
Epoch: 079/200 | Batch 0000/0448 | Cost: 2.6365
Epoch: 079/200 | Batch 0050/0448 | Cost: 2.2766
Epoch: 079/200 | Batch 0100/0448 | Cost: 1.9700
Epoch: 079/200 | Batch 0150/0448 | Cost: 2.7527
Epoch: 079/200 | Batch 0200/0448 | Cost: 0.2766
Epoch: 079/200 | Batch 0250/0448 | Cost: 2.6145
Epoch: 079/200 | Batch 0300/0448 | Cost: 9.4351
Epoch: 079/200 | Batch 0350/0448 | Cost: 2.4576
Epoch: 079/200 | Batch 0400/0448 | Cost: 1.7467
MAE/RMSE: | Current Valid: 6.31/8.93 Ep. 78 | Best Valid : 5.10/7.45 Ep. 21
Time elapsed: 18.11 min
Epoch: 080/200 | Batch 0000/0448 | Cost: 2.5950
Epoch: 080/200 | Batch 0050/0448 | Cost: 2.8030
Epoch: 080/200 | Batch 0100/0448 | Cost: 1.6857
Epoch: 080/200 | Batch 0150/0448 | Cost: 1.9084
Epoch: 080/200 | Batch 0200/0448 | Cost: 3.1570
Epoch: 080/200 | Batch 0250/0448 | Cost: 2.4114
Epoch: 080/200 | Batch 0350/0448 | Cost: 2.6032
Epoch: 080/200 | Batch 0400/0448 | Cost: 2.8930
MAE/RMSE: | Current Valid: 6.92/9.25 Ep. 79 | Best Valid : 5.10/7.45 Ep. 21
Time elapsed: 18.34 min
Epoch: 081/200 | Batch 0000/0448 | Cost: 3.7038
Epoch: 081/200 | Batch 0050/0448 | Cost: 2.5223
Epoch: 081/200 | Batch 0150/0448 | Cost: 2.4725
Epoch: 081/200 | Batch 0200/0448 | Cost: 2.7463
Epoch: 081/200 | Batch 0250/0448 | Cost: 2.7903
Epoch: 081/200 | Batch 0300/0448 | Cost: 3.3544
Epoch: 081/200 | Batch 0350/0448 | Cost: 2.8646
Epoch: 081/200 | Batch 0400/0448 | Cost: 4.6398
MAE/RMSE: | Current Valid: 6.95/9.54 Ep. 80 | Best Valid : 5.10/7.45 Ep. 21
Time elapsed: 18.57 min
Epoch: 082/200 | Batch 0000/0448 | Cost: 0.3201
Epoch: 082/200 | Batch 0050/0448 | Cost: 2.7268
Epoch: 082/200 | Batch 0100/0448 | Cost: 1.8408
Epoch: 082/200 | Batch 0150/0448 | Cost: 2.4820
Epoch: 082/200 | Batch 0200/0448 | Cost: 2.8912
Epoch: 082/200 | Batch 0250/0448 | Cost: 2.5659
Epoch: 082/200 | Batch 0300/0448 | Cost: 3.1844
Epoch: 082/200 | Batch 0350/0448 | Cost: 2.4955
Epoch: 082/200 | Batch 0400/0448 | Cost: 2.5393
MAE/RMSE: | Current Valid: 6.22/9.21 Ep. 81 | Best Valid : 5.10/7.45 Ep. 21
Time elapsed: 18.81 min
Epoch: 083/200 | Batch 0000/0448 | Cost: 2.1768
Epoch: 083/200 | Batch 0050/0448 | Cost: 2.2123
Epoch: 083/200 | Batch 0200/0448 | Cost: 2.1850
Epoch: 083/200 | Batch 0250/0448 | Cost: 1.5612
Epoch: 083/200 | Batch 0300/0448 | Cost: 1.8647
Epoch: 083/200 | Batch 0350/0448 | Cost: 2.8669
Epoch: 083/200 | Batch 0400/0448 | Cost: 2.7598
MAE/RMSE: | Current Valid: 6.63/9.67 Ep. 82 | Best Valid : 5.10/7.45 Ep. 21
Time elapsed: 19.04 min
Epoch: 084/200 | Batch 0000/0448 | Cost: 1.3196
Epoch: 084/200 | Batch 0050/0448 | Cost: 1.0420
Epoch: 084/200 | Batch 0100/0448 | Cost: 2.6955
Epoch: 084/200 | Batch 0150/0448 | Cost: 2.2958
Epoch: 084/200 | Batch 0200/0448 | Cost: 2.0780
Epoch: 084/200 | Batch 0250/0448 | Cost: 2.4437
Epoch: 084/200 | Batch 0300/0448 | Cost: 2.7371
Epoch: 084/200 | Batch 0350/0448 | Cost: 1.8990
Epoch: 084/200 | Batch 0400/0448 | Cost: 2.1113
MAE/RMSE: | Current Valid: 6.77/9.66 Ep. 83 | Best Valid : 5.10/7.45 Ep. 21
Time elapsed: 19.26 min
Epoch: 085/200 | Batch 0000/0448 | Cost: 2.6213
Epoch: 085/200 | Batch 0050/0448 | Cost: 2.5479
Epoch: 085/200 | Batch 0100/0448 | Cost: 0.5307
Epoch: 085/200 | Batch 0150/0448 | Cost: 1.7747
Epoch: 085/200 | Batch 0200/0448 | Cost: 2.5399
Epoch: 085/200 | Batch 0250/0448 | Cost: 2.5339
Epoch: 085/200 | Batch 0300/0448 | Cost: 2.6299
Epoch: 085/200 | Batch 0350/0448 | Cost: 3.0916
Epoch: 085/200 | Batch 0400/0448 | Cost: 4.4187
MAE/RMSE: | Current Valid: 6.47/9.47 Ep. 84 | Best Valid : 5.10/7.45 Ep. 21
Time elapsed: 19.49 min
Epoch: 086/200 | Batch 0050/0448 | Cost: 1.1228
Epoch: 086/200 | Batch 0150/0448 | Cost: 3.8151
Epoch: 086/200 | Batch 0200/0448 | Cost: 1.1125
Epoch: 086/200 | Batch 0250/0448 | Cost: 2.2458
Epoch: 086/200 | Batch 0300/0448 | Cost: 1.8941
Epoch: 086/200 | Batch 0350/0448 | Cost: 1.0501
Epoch: 086/200 | Batch 0400/0448 | Cost: 2.1081
MAE/RMSE: | Current Valid: 6.17/9.11 Ep. 85 | Best Valid : 5.10/7.45 Ep. 21
Time elapsed: 19.72 min
Epoch: 087/200 | Batch 0000/0448 | Cost: 2.8755
Epoch: 087/200 | Batch 0050/0448 | Cost: 2.2960
Epoch: 087/200 | Batch 0100/0448 | Cost: 2.8903
Epoch: 087/200 | Batch 0150/0448 | Cost: 1.7013
Epoch: 087/200 | Batch 0200/0448 | Cost: 3.6961
Epoch: 087/200 | Batch 0250/0448 | Cost: 2.9593
Epoch: 087/200 | Batch 0400/0448 | Cost: 2.4644
MAE/RMSE: | Current Valid: 6.42/9.43 Ep. 86 | Best Valid : 5.10/7.45 Ep. 21
Time elapsed: 19.95 min
Epoch: 088/200 | Batch 0000/0448 | Cost: 2.2103
Epoch: 088/200 | Batch 0050/0448 | Cost: 2.6938
Epoch: 088/200 | Batch 0100/0448 | Cost: 3.9999
Epoch: 088/200 | Batch 0150/0448 | Cost: 2.0582
Epoch: 088/200 | Batch 0200/0448 | Cost: 3.3939
Epoch: 088/200 | Batch 0250/0448 | Cost: 1.8691
Epoch: 088/200 | Batch 0300/0448 | Cost: 2.9463
Epoch: 088/200 | Batch 0350/0448 | Cost: 3.9246
Epoch: 088/200 | Batch 0400/0448 | Cost: 3.6367
MAE/RMSE: | Current Valid: 8.90/11.82 Ep. 87 | Best Valid : 5.10/7.45 Ep. 21
Time elapsed: 20.18 min
Epoch: 089/200 | Batch 0000/0448 | Cost: 3.1434
Epoch: 089/200 | Batch 0050/0448 | Cost: 14.5730
Epoch: 089/200 | Batch 0100/0448 | Cost: 3.6340
Epoch: 089/200 | Batch 0150/0448 | Cost: 1.6753
Epoch: 089/200 | Batch 0200/0448 | Cost: 17.8911
Epoch: 089/200 | Batch 0300/0448 | Cost: 2.6655
Epoch: 089/200 | Batch 0350/0448 | Cost: 3.1006
Epoch: 089/200 | Batch 0400/0448 | Cost: 5.6693
MAE/RMSE: | Current Valid: 6.40/8.98 Ep. 88 | Best Valid : 5.10/7.45 Ep. 21
Time elapsed: 20.40 min
Epoch: 090/200 | Batch 0000/0448 | Cost: 2.9690
Epoch: 090/200 | Batch 0050/0448 | Cost: 2.4415
Epoch: 090/200 | Batch 0100/0448 | Cost: 2.2873
Epoch: 090/200 | Batch 0150/0448 | Cost: 6.8704
Epoch: 090/200 | Batch 0200/0448 | Cost: 2.7219
Epoch: 090/200 | Batch 0250/0448 | Cost: 5.1081
Epoch: 090/200 | Batch 0300/0448 | Cost: 2.6086
Epoch: 090/200 | Batch 0350/0448 | Cost: 3.1837
MAE/RMSE: | Current Valid: 6.05/8.56 Ep. 89 | Best Valid : 5.10/7.45 Ep. 21
Time elapsed: 20.63 min
Epoch: 091/200 | Batch 0000/0448 | Cost: 2.6653
Epoch: 091/200 | Batch 0050/0448 | Cost: 2.1705
Epoch: 091/200 | Batch 0100/0448 | Cost: 2.7573
Epoch: 091/200 | Batch 0150/0448 | Cost: 2.4537
Epoch: 091/200 | Batch 0200/0448 | Cost: 2.8728
Epoch: 091/200 | Batch 0250/0448 | Cost: 2.7311
Epoch: 091/200 | Batch 0350/0448 | Cost: 1.0446
MAE/RMSE: | Current Valid: 5.94/8.57 Ep. 90 | Best Valid : 5.10/7.45 Ep. 21
Time elapsed: 20.86 min
Epoch: 092/200 | Batch 0000/0448 | Cost: 4.9718
Epoch: 092/200 | Batch 0050/0448 | Cost: 2.1099
Epoch: 092/200 | Batch 0100/0448 | Cost: 3.5222
Epoch: 092/200 | Batch 0150/0448 | Cost: 3.2376
Epoch: 092/200 | Batch 0200/0448 | Cost: 1.9408
Epoch: 092/200 | Batch 0250/0448 | Cost: 2.3187
Epoch: 092/200 | Batch 0300/0448 | Cost: 5.0685
Epoch: 092/200 | Batch 0350/0448 | Cost: 1.9698
Epoch: 092/200 | Batch 0400/0448 | Cost: 1.3064
MAE/RMSE: | Current Valid: 6.07/8.65 Ep. 91 | Best Valid : 5.10/7.45 Ep. 21
Time elapsed: 21.09 min
Epoch: 093/200 | Batch 0000/0448 | Cost: 2.3908
Epoch: 093/200 | Batch 0050/0448 | Cost: 2.1136
Epoch: 093/200 | Batch 0200/0448 | Cost: 2.0568
Epoch: 093/200 | Batch 0250/0448 | Cost: 2.8582
Epoch: 093/200 | Batch 0350/0448 | Cost: 2.5457
Epoch: 093/200 | Batch 0400/0448 | Cost: 2.7781
MAE/RMSE: | Current Valid: 5.61/8.49 Ep. 92 | Best Valid : 5.10/7.45 Ep. 21
Time elapsed: 21.31 min
Epoch: 094/200 | Batch 0050/0448 | Cost: 2.5788
Epoch: 094/200 | Batch 0100/0448 | Cost: 2.2963
Epoch: 094/200 | Batch 0150/0448 | Cost: 2.8077
Epoch: 094/200 | Batch 0250/0448 | Cost: 2.5345
Epoch: 094/200 | Batch 0300/0448 | Cost: 3.9672
Epoch: 094/200 | Batch 0350/0448 | Cost: 1.8400
Epoch: 094/200 | Batch 0400/0448 | Cost: 2.1876
MAE/RMSE: | Current Valid: 5.57/8.42 Ep. 93 | Best Valid : 5.10/7.45 Ep. 21
Time elapsed: 21.54 min
Epoch: 095/200 | Batch 0000/0448 | Cost: 2.2595
Epoch: 095/200 | Batch 0050/0448 | Cost: 1.8724
Epoch: 095/200 | Batch 0100/0448 | Cost: 2.7376
Epoch: 095/200 | Batch 0150/0448 | Cost: 2.0721
Epoch: 095/200 | Batch 0200/0448 | Cost: 2.6173
Epoch: 095/200 | Batch 0250/0448 | Cost: 8.4994
Epoch: 095/200 | Batch 0300/0448 | Cost: 0.3659
Epoch: 095/200 | Batch 0350/0448 | Cost: 2.6617
Epoch: 095/200 | Batch 0400/0448 | Cost: 2.3422
MAE/RMSE: | Current Valid: 6.61/9.26 Ep. 94 | Best Valid : 5.10/7.45 Ep. 21
Time elapsed: 21.77 min
Epoch: 096/200 | Batch 0000/0448 | Cost: 2.4646
Epoch: 096/200 | Batch 0050/0448 | Cost: 2.4932
Epoch: 096/200 | Batch 0100/0448 | Cost: 1.4654
Epoch: 096/200 | Batch 0200/0448 | Cost: 3.6449
Epoch: 096/200 | Batch 0300/0448 | Cost: 2.6662
Epoch: 096/200 | Batch 0350/0448 | Cost: 1.8104
Epoch: 096/200 | Batch 0400/0448 | Cost: 3.2559
MAE/RMSE: | Current Valid: 6.73/9.31 Ep. 95 | Best Valid : 5.10/7.45 Ep. 21
Time elapsed: 22.00 min
Epoch: 097/200 | Batch 0000/0448 | Cost: 1.6358
Epoch: 097/200 | Batch 0050/0448 | Cost: 2.5135
Epoch: 097/200 | Batch 0150/0448 | Cost: 0.5276
Epoch: 097/200 | Batch 0200/0448 | Cost: 8.8021
Epoch: 097/200 | Batch 0250/0448 | Cost: 3.6764
Epoch: 097/200 | Batch 0300/0448 | Cost: 2.4737
Epoch: 097/200 | Batch 0350/0448 | Cost: 2.4058
Epoch: 097/200 | Batch 0400/0448 | Cost: 1.3151
MAE/RMSE: | Current Valid: 6.22/8.59 Ep. 96 | Best Valid : 5.10/7.45 Ep. 21
Time elapsed: 22.23 min
Epoch: 098/200 | Batch 0000/0448 | Cost: 1.6660
Epoch: 098/200 | Batch 0050/0448 | Cost: 0.7321
Epoch: 098/200 | Batch 0100/0448 | Cost: 0.1285
Epoch: 098/200 | Batch 0150/0448 | Cost: 2.2637
Epoch: 098/200 | Batch 0250/0448 | Cost: 1.5040
Epoch: 098/200 | Batch 0300/0448 | Cost: 2.5865
Epoch: 098/200 | Batch 0350/0448 | Cost: 3.7692
Epoch: 098/200 | Batch 0400/0448 | Cost: 2.2537
MAE/RMSE: | Current Valid: 6.57/9.18 Ep. 97 | Best Valid : 5.10/7.45 Ep. 21
Time elapsed: 22.46 min
Epoch: 099/200 | Batch 0000/0448 | Cost: 1.3649
Epoch: 099/200 | Batch 0050/0448 | Cost: 2.5955
Epoch: 099/200 | Batch 0100/0448 | Cost: 2.4152
Epoch: 099/200 | Batch 0150/0448 | Cost: 1.8643
Epoch: 099/200 | Batch 0200/0448 | Cost: 3.0817
Epoch: 099/200 | Batch 0250/0448 | Cost: 1.5117
Epoch: 099/200 | Batch 0300/0448 | Cost: 2.2645
Epoch: 099/200 | Batch 0350/0448 | Cost: 2.6333
Epoch: 099/200 | Batch 0400/0448 | Cost: 2.7878
MAE/RMSE: | Current Valid: 6.16/9.03 Ep. 98 | Best Valid : 5.10/7.45 Ep. 21
Time elapsed: 22.69 min
Epoch: 100/200 | Batch 0000/0448 | Cost: 3.6151
Epoch: 100/200 | Batch 0050/0448 | Cost: 2.8149
Epoch: 100/200 | Batch 0100/0448 | Cost: 1.6998
Epoch: 100/200 | Batch 0150/0448 | Cost: 2.6825
Epoch: 100/200 | Batch 0200/0448 | Cost: 2.3633
Epoch: 100/200 | Batch 0250/0448 | Cost: 2.9447
Epoch: 100/200 | Batch 0300/0448 | Cost: 6.1897
Epoch: 100/200 | Batch 0350/0448 | Cost: 4.7561
Epoch: 100/200 | Batch 0400/0448 | Cost: 2.4002
MAE/RMSE: | Current Valid: 7.96/10.52 Ep. 99 | Best Valid : 5.10/7.45 Ep. 21
Time elapsed: 22.92 min
Epoch: 101/200 | Batch 0000/0448 | Cost: 8.8305
Epoch: 101/200 | Batch 0050/0448 | Cost: 4.0120
Epoch: 101/200 | Batch 0100/0448 | Cost: 3.9907
Epoch: 101/200 | Batch 0150/0448 | Cost: 2.8946
Epoch: 101/200 | Batch 0200/0448 | Cost: 2.7348
Epoch: 101/200 | Batch 0250/0448 | Cost: 2.8279
Epoch: 101/200 | Batch 0300/0448 | Cost: 3.3892
Epoch: 101/200 | Batch 0400/0448 | Cost: 3.1609
MAE/RMSE: | Current Valid: 6.30/8.95 Ep. 100 | Best Valid : 5.10/7.45 Ep. 21
Time elapsed: 23.15 min
Epoch: 102/200 | Batch 0050/0448 | Cost: 4.1702
Epoch: 102/200 | Batch 0100/0448 | Cost: 1.9669
Epoch: 102/200 | Batch 0150/0448 | Cost: 9.3989
Epoch: 102/200 | Batch 0200/0448 | Cost: 2.1679
Epoch: 102/200 | Batch 0250/0448 | Cost: 2.0960
Epoch: 102/200 | Batch 0300/0448 | Cost: 3.6077
Epoch: 102/200 | Batch 0400/0448 | Cost: 2.5765
MAE/RMSE: | Current Valid: 6.35/9.17 Ep. 101 | Best Valid : 5.10/7.45 Ep. 21
Time elapsed: 23.38 min
Epoch: 103/200 | Batch 0000/0448 | Cost: 1.8279
Epoch: 103/200 | Batch 0050/0448 | Cost: 3.8353
Epoch: 103/200 | Batch 0100/0448 | Cost: 2.3390
Epoch: 103/200 | Batch 0150/0448 | Cost: 3.2097
Epoch: 103/200 | Batch 0200/0448 | Cost: 2.3747
Epoch: 103/200 | Batch 0250/0448 | Cost: 6.4841
MAE/RMSE: | Current Valid: 6.51/8.98 Ep. 102 | Best Valid : 5.10/7.45 Ep. 21
Time elapsed: 23.61 min
Epoch: 104/200 | Batch 0000/0448 | Cost: 2.3474
Epoch: 104/200 | Batch 0050/0448 | Cost: 3.5230
Epoch: 104/200 | Batch 0100/0448 | Cost: 1.7276
Epoch: 104/200 | Batch 0150/0448 | Cost: 2.4129
Epoch: 104/200 | Batch 0200/0448 | Cost: 2.0368
Epoch: 104/200 | Batch 0250/0448 | Cost: 2.3213
Epoch: 104/200 | Batch 0300/0448 | Cost: 2.4917
Epoch: 104/200 | Batch 0350/0448 | Cost: 2.0459
Epoch: 104/200 | Batch 0400/0448 | Cost: 2.2351
MAE/RMSE: | Current Valid: 6.61/8.90 Ep. 103 | Best Valid : 5.10/7.45 Ep. 21
Time elapsed: 23.84 min
Epoch: 105/200 | Batch 0000/0448 | Cost: 1.6316
Epoch: 105/200 | Batch 0100/0448 | Cost: 8.2809
Epoch: 105/200 | Batch 0150/0448 | Cost: 1.6608
Epoch: 105/200 | Batch 0200/0448 | Cost: 2.6766
Epoch: 105/200 | Batch 0250/0448 | Cost: 1.6715
Epoch: 105/200 | Batch 0300/0448 | Cost: 1.8090
Epoch: 105/200 | Batch 0400/0448 | Cost: 3.5838
MAE/RMSE: | Current Valid: 6.39/8.84 Ep. 104 | Best Valid : 5.10/7.45 Ep. 21
Time elapsed: 24.07 min
Epoch: 106/200 | Batch 0000/0448 | Cost: 2.5487
Epoch: 106/200 | Batch 0050/0448 | Cost: 1.3721
Epoch: 106/200 | Batch 0100/0448 | Cost: 2.0036
Epoch: 106/200 | Batch 0150/0448 | Cost: 2.1110
Epoch: 106/200 | Batch 0200/0448 | Cost: 2.4927
Epoch: 106/200 | Batch 0250/0448 | Cost: 3.0962
Epoch: 106/200 | Batch 0300/0448 | Cost: 1.0184
Epoch: 106/200 | Batch 0350/0448 | Cost: 1.1784
Epoch: 106/200 | Batch 0400/0448 | Cost: 1.6910
MAE/RMSE: | Current Valid: 6.58/8.95 Ep. 105 | Best Valid : 5.10/7.45 Ep. 21
Time elapsed: 24.29 min
Epoch: 107/200 | Batch 0000/0448 | Cost: 2.8881
Epoch: 107/200 | Batch 0050/0448 | Cost: 2.4154
Epoch: 107/200 | Batch 0100/0448 | Cost: 1.4533
Epoch: 107/200 | Batch 0150/0448 | Cost: 2.5912
Epoch: 107/200 | Batch 0200/0448 | Cost: 2.2965
Epoch: 107/200 | Batch 0250/0448 | Cost: 1.5392
Epoch: 107/200 | Batch 0300/0448 | Cost: 1.6632
Epoch: 107/200 | Batch 0350/0448 | Cost: 2.0780
MAE/RMSE: | Current Valid: 6.36/8.60 Ep. 106 | Best Valid : 5.10/7.45 Ep. 21
Time elapsed: 24.52 min
Epoch: 108/200 | Batch 0000/0448 | Cost: 1.1440
Epoch: 108/200 | Batch 0050/0448 | Cost: 2.5402
Epoch: 108/200 | Batch 0100/0448 | Cost: 3.3386
Epoch: 108/200 | Batch 0150/0448 | Cost: 2.4061
Epoch: 108/200 | Batch 0200/0448 | Cost: 2.1144
Epoch: 108/200 | Batch 0250/0448 | Cost: 2.1870
Epoch: 108/200 | Batch 0300/0448 | Cost: 1.6012
Epoch: 108/200 | Batch 0350/0448 | Cost: 1.8374
Epoch: 108/200 | Batch 0400/0448 | Cost: 1.7028
MAE/RMSE: | Current Valid: 6.49/9.35 Ep. 107 | Best Valid : 5.10/7.45 Ep. 21
Time elapsed: 24.75 min
Epoch: 109/200 | Batch 0000/0448 | Cost: 2.0986
Epoch: 109/200 | Batch 0050/0448 | Cost: 4.2457
Epoch: 109/200 | Batch 0100/0448 | Cost: 2.7376
Epoch: 109/200 | Batch 0150/0448 | Cost: 3.6610
Epoch: 109/200 | Batch 0200/0448 | Cost: 3.7489
Epoch: 109/200 | Batch 0250/0448 | Cost: 3.0057
Epoch: 109/200 | Batch 0300/0448 | Cost: 2.4306
Epoch: 109/200 | Batch 0350/0448 | Cost: 2.5656
Epoch: 109/200 | Batch 0400/0448 | Cost: 2.0233
MAE/RMSE: | Current Valid: 7.06/9.90 Ep. 108 | Best Valid : 5.10/7.45 Ep. 21
Time elapsed: 24.97 min
Epoch: 110/200 | Batch 0000/0448 | Cost: 7.7114
Epoch: 110/200 | Batch 0050/0448 | Cost: 2.1518
Epoch: 110/200 | Batch 0100/0448 | Cost: 9.5100
Epoch: 110/200 | Batch 0200/0448 | Cost: 2.0436
Epoch: 110/200 | Batch 0250/0448 | Cost: 3.3267
Epoch: 110/200 | Batch 0300/0448 | Cost: 3.3197
Epoch: 110/200 | Batch 0350/0448 | Cost: 2.3538
Epoch: 110/200 | Batch 0400/0448 | Cost: 2.3710
MAE/RMSE: | Current Valid: 5.65/7.77 Ep. 109 | Best Valid : 5.10/7.45 Ep. 21
Time elapsed: 25.20 min
Epoch: 111/200 | Batch 0000/0448 | Cost: 2.3906
Epoch: 111/200 | Batch 0050/0448 | Cost: 1.2544
Epoch: 111/200 | Batch 0150/0448 | Cost: 1.9073
Epoch: 111/200 | Batch 0200/0448 | Cost: 1.0416
Epoch: 111/200 | Batch 0250/0448 | Cost: 1.6902
Epoch: 111/200 | Batch 0300/0448 | Cost: 0.0998
Epoch: 111/200 | Batch 0400/0448 | Cost: 2.7402
MAE/RMSE: | Current Valid: 5.90/8.27 Ep. 110 | Best Valid : 5.10/7.45 Ep. 21
Time elapsed: 25.43 min
Epoch: 112/200 | Batch 0000/0448 | Cost: 1.6938
Epoch: 112/200 | Batch 0050/0448 | Cost: 1.3385
Epoch: 112/200 | Batch 0150/0448 | Cost: 2.2625
Epoch: 112/200 | Batch 0200/0448 | Cost: 1.7599
Epoch: 112/200 | Batch 0250/0448 | Cost: 38.6132
Epoch: 112/200 | Batch 0350/0448 | Cost: 3.6720
Epoch: 112/200 | Batch 0400/0448 | Cost: 1.9884
MAE/RMSE: | Current Valid: 7.39/9.61 Ep. 111 | Best Valid : 5.10/7.45 Ep. 21
Time elapsed: 25.66 min
Epoch: 113/200 | Batch 0000/0448 | Cost: 1.2207
Epoch: 113/200 | Batch 0050/0448 | Cost: 2.7410
Epoch: 113/200 | Batch 0100/0448 | Cost: 1.2705
Epoch: 113/200 | Batch 0150/0448 | Cost: 2.5704
Epoch: 113/200 | Batch 0300/0448 | Cost: 2.7649
Epoch: 113/200 | Batch 0350/0448 | Cost: 7.0749
Epoch: 113/200 | Batch 0400/0448 | Cost: 3.3858
MAE/RMSE: | Current Valid: 6.75/9.20 Ep. 112 | Best Valid : 5.10/7.45 Ep. 21
Time elapsed: 25.88 min
Epoch: 114/200 | Batch 0000/0448 | Cost: 1.8301
Epoch: 114/200 | Batch 0050/0448 | Cost: 1.7042
Epoch: 114/200 | Batch 0100/0448 | Cost: 4.2825
Epoch: 114/200 | Batch 0150/0448 | Cost: 2.2480
Epoch: 114/200 | Batch 0200/0448 | Cost: 29.9304
Epoch: 114/200 | Batch 0300/0448 | Cost: 2.5570
Epoch: 114/200 | Batch 0350/0448 | Cost: 1.6340
Epoch: 114/200 | Batch 0400/0448 | Cost: 2.5006
MAE/RMSE: | Current Valid: 6.33/8.70 Ep. 113 | Best Valid : 5.10/7.45 Ep. 21
Time elapsed: 26.11 min
Epoch: 115/200 | Batch 0000/0448 | Cost: 2.3292
Epoch: 115/200 | Batch 0050/0448 | Cost: 0.1151
Epoch: 115/200 | Batch 0100/0448 | Cost: 1.4794
Epoch: 115/200 | Batch 0150/0448 | Cost: 3.8435
Epoch: 115/200 | Batch 0200/0448 | Cost: 2.1461
Epoch: 115/200 | Batch 0250/0448 | Cost: 0.1757
Epoch: 115/200 | Batch 0300/0448 | Cost: 2.0149
Epoch: 115/200 | Batch 0350/0448 | Cost: 1.8245
Epoch: 115/200 | Batch 0400/0448 | Cost: 3.4351
MAE/RMSE: | Current Valid: 6.30/8.70 Ep. 114 | Best Valid : 5.10/7.45 Ep. 21
Time elapsed: 26.34 min
Epoch: 116/200 | Batch 0000/0448 | Cost: 1.1377
Epoch: 116/200 | Batch 0050/0448 | Cost: 2.8667
Epoch: 116/200 | Batch 0100/0448 | Cost: 2.7448
Epoch: 116/200 | Batch 0150/0448 | Cost: 4.2682
Epoch: 116/200 | Batch 0200/0448 | Cost: 3.0001
Epoch: 116/200 | Batch 0250/0448 | Cost: 2.4312
Epoch: 116/200 | Batch 0300/0448 | Cost: 2.5070
Epoch: 116/200 | Batch 0350/0448 | Cost: 1.8510
Epoch: 116/200 | Batch 0400/0448 | Cost: 1.5755
MAE/RMSE: | Current Valid: 6.40/9.05 Ep. 115 | Best Valid : 5.10/7.45 Ep. 21
Time elapsed: 26.57 min
Epoch: 117/200 | Batch 0000/0448 | Cost: 2.3654
Epoch: 117/200 | Batch 0100/0448 | Cost: 4.7110
Epoch: 117/200 | Batch 0200/0448 | Cost: 3.1090
Epoch: 117/200 | Batch 0250/0448 | Cost: 5.4497
Epoch: 117/200 | Batch 0300/0448 | Cost: 2.2927
Epoch: 117/200 | Batch 0350/0448 | Cost: 2.2344
Epoch: 117/200 | Batch 0400/0448 | Cost: 2.1830
MAE/RMSE: | Current Valid: 6.12/8.74 Ep. 116 | Best Valid : 5.10/7.45 Ep. 21
Time elapsed: 26.80 min
Epoch: 118/200 | Batch 0000/0448 | Cost: 2.0177
Epoch: 118/200 | Batch 0050/0448 | Cost: 1.6857
Epoch: 118/200 | Batch 0100/0448 | Cost: 2.8921
Epoch: 118/200 | Batch 0150/0448 | Cost: 2.8633
Epoch: 118/200 | Batch 0200/0448 | Cost: 1.0259
Epoch: 118/200 | Batch 0250/0448 | Cost: 2.2057
Epoch: 118/200 | Batch 0300/0448 | Cost: 1.9340
Epoch: 118/200 | Batch 0350/0448 | Cost: 2.9977
Epoch: 118/200 | Batch 0400/0448 | Cost: 2.1716
MAE/RMSE: | Current Valid: 6.47/8.98 Ep. 117 | Best Valid : 5.10/7.45 Ep. 21
Time elapsed: 27.03 min
Epoch: 119/200 | Batch 0000/0448 | Cost: 0.8859
Epoch: 119/200 | Batch 0050/0448 | Cost: 1.9490
Epoch: 119/200 | Batch 0150/0448 | Cost: 1.8030
Epoch: 119/200 | Batch 0250/0448 | Cost: 2.5326
Epoch: 119/200 | Batch 0300/0448 | Cost: 2.7970
Epoch: 119/200 | Batch 0350/0448 | Cost: 0.2452
Epoch: 119/200 | Batch 0400/0448 | Cost: 3.9703
MAE/RMSE: | Current Valid: 6.25/9.04 Ep. 118 | Best Valid : 5.10/7.45 Ep. 21
Time elapsed: 27.26 min
Epoch: 120/200 | Batch 0000/0448 | Cost: 2.5020
Epoch: 120/200 | Batch 0050/0448 | Cost: 1.8391
Epoch: 120/200 | Batch 0100/0448 | Cost: 2.2403
Epoch: 120/200 | Batch 0150/0448 | Cost: 2.4408
Epoch: 120/200 | Batch 0200/0448 | Cost: 2.0551
Epoch: 120/200 | Batch 0250/0448 | Cost: 2.3813
Epoch: 120/200 | Batch 0300/0448 | Cost: 0.0889
Epoch: 120/200 | Batch 0350/0448 | Cost: 1.9670
Epoch: 120/200 | Batch 0400/0448 | Cost: 3.0010
MAE/RMSE: | Current Valid: 6.54/9.22 Ep. 119 | Best Valid : 5.10/7.45 Ep. 21
Time elapsed: 27.48 min
Epoch: 121/200 | Batch 0000/0448 | Cost: 2.1705
Epoch: 121/200 | Batch 0100/0448 | Cost: 2.0395
Epoch: 121/200 | Batch 0150/0448 | Cost: 2.5600
Epoch: 121/200 | Batch 0200/0448 | Cost: 2.1642
Epoch: 121/200 | Batch 0250/0448 | Cost: 2.3236
Epoch: 121/200 | Batch 0300/0448 | Cost: 2.0799
Epoch: 121/200 | Batch 0350/0448 | Cost: 2.3330
Epoch: 121/200 | Batch 0400/0448 | Cost: 2.6135
MAE/RMSE: | Current Valid: 6.35/8.95 Ep. 120 | Best Valid : 5.10/7.45 Ep. 21
Time elapsed: 27.71 min
Epoch: 122/200 | Batch 0000/0448 | Cost: 2.6945
Epoch: 122/200 | Batch 0050/0448 | Cost: 2.0400
Epoch: 122/200 | Batch 0100/0448 | Cost: 2.5790
Epoch: 122/200 | Batch 0150/0448 | Cost: 2.7934
Epoch: 122/200 | Batch 0200/0448 | Cost: 2.7572
Epoch: 122/200 | Batch 0250/0448 | Cost: 2.1655
Epoch: 122/200 | Batch 0300/0448 | Cost: 1.9352
Epoch: 122/200 | Batch 0350/0448 | Cost: 2.1533
Epoch: 122/200 | Batch 0400/0448 | Cost: 1.8388
MAE/RMSE: | Current Valid: 6.25/9.09 Ep. 121 | Best Valid : 5.10/7.45 Ep. 21
Time elapsed: 27.94 min
Epoch: 123/200 | Batch 0000/0448 | Cost: 2.2973
Epoch: 123/200 | Batch 0050/0448 | Cost: 0.1154
Epoch: 123/200 | Batch 0200/0448 | Cost: 2.3009
Epoch: 123/200 | Batch 0300/0448 | Cost: 3.2761
Epoch: 123/200 | Batch 0350/0448 | Cost: 4.3644
Epoch: 123/200 | Batch 0400/0448 | Cost: 1.7387
MAE/RMSE: | Current Valid: 6.73/9.50 Ep. 122 | Best Valid : 5.10/7.45 Ep. 21
Time elapsed: 28.17 min
Epoch: 124/200 | Batch 0050/0448 | Cost: 2.3130
Epoch: 124/200 | Batch 0100/0448 | Cost: 2.7404
Epoch: 124/200 | Batch 0150/0448 | Cost: 2.4285
Epoch: 124/200 | Batch 0200/0448 | Cost: 2.5476
Epoch: 124/200 | Batch 0300/0448 | Cost: 2.4985
Epoch: 124/200 | Batch 0350/0448 | Cost: 2.0180
Epoch: 124/200 | Batch 0400/0448 | Cost: 2.6400
MAE/RMSE: | Current Valid: 6.53/9.20 Ep. 123 | Best Valid : 5.10/7.45 Ep. 21
Time elapsed: 28.40 min
Epoch: 125/200 | Batch 0000/0448 | Cost: 0.7666
Epoch: 125/200 | Batch 0050/0448 | Cost: 2.1764
Epoch: 125/200 | Batch 0100/0448 | Cost: 2.3863
Epoch: 125/200 | Batch 0150/0448 | Cost: 2.4672
Epoch: 125/200 | Batch 0200/0448 | Cost: 3.1232
Epoch: 125/200 | Batch 0250/0448 | Cost: 2.6741
Epoch: 125/200 | Batch 0300/0448 | Cost: 2.6721
Epoch: 125/200 | Batch 0350/0448 | Cost: 3.1236
Epoch: 125/200 | Batch 0400/0448 | Cost: 2.1335
MAE/RMSE: | Current Valid: 6.14/8.81 Ep. 124 | Best Valid : 5.10/7.45 Ep. 21
Time elapsed: 28.63 min
Epoch: 126/200 | Batch 0000/0448 | Cost: 1.2725
Epoch: 126/200 | Batch 0050/0448 | Cost: 2.9326
Epoch: 126/200 | Batch 0100/0448 | Cost: 1.8457
Epoch: 126/200 | Batch 0150/0448 | Cost: 8.9811
Epoch: 126/200 | Batch 0300/0448 | Cost: 4.6488
Epoch: 126/200 | Batch 0350/0448 | Cost: 25.2965
Epoch: 126/200 | Batch 0400/0448 | Cost: 4.2545
MAE/RMSE: | Current Valid: 5.80/8.39 Ep. 125 | Best Valid : 5.10/7.45 Ep. 21
Time elapsed: 28.86 min
Epoch: 127/200 | Batch 0000/0448 | Cost: 2.2304
Epoch: 127/200 | Batch 0100/0448 | Cost: 5.7944
Epoch: 127/200 | Batch 0250/0448 | Cost: 2.2492
Epoch: 127/200 | Batch 0300/0448 | Cost: 3.4890
Epoch: 127/200 | Batch 0350/0448 | Cost: 4.8511
Epoch: 127/200 | Batch 0400/0448 | Cost: 2.5384
MAE/RMSE: | Current Valid: 6.07/8.63 Ep. 126 | Best Valid : 5.10/7.45 Ep. 21
Time elapsed: 29.09 min
Epoch: 128/200 | Batch 0050/0448 | Cost: 3.7853
Epoch: 128/200 | Batch 0100/0448 | Cost: 1.0881
Epoch: 128/200 | Batch 0150/0448 | Cost: 2.3510
Epoch: 128/200 | Batch 0200/0448 | Cost: 2.3422
Epoch: 128/200 | Batch 0250/0448 | Cost: 0.6426
Epoch: 128/200 | Batch 0300/0448 | Cost: 2.5846
Epoch: 128/200 | Batch 0350/0448 | Cost: 10.3235
Epoch: 128/200 | Batch 0400/0448 | Cost: 2.4348
MAE/RMSE: | Current Valid: 5.86/8.40 Ep. 127 | Best Valid : 5.10/7.45 Ep. 21
Time elapsed: 29.32 min
Epoch: 129/200 | Batch 0000/0448 | Cost: 2.3805
Epoch: 129/200 | Batch 0050/0448 | Cost: 4.4858
Epoch: 129/200 | Batch 0100/0448 | Cost: 11.4126
Epoch: 129/200 | Batch 0250/0448 | Cost: 6.9103
Epoch: 129/200 | Batch 0350/0448 | Cost: 2.3777
Epoch: 129/200 | Batch 0400/0448 | Cost: 2.2814
MAE/RMSE: | Current Valid: 6.36/8.98 Ep. 128 | Best Valid : 5.10/7.45 Ep. 21
Time elapsed: 29.55 min
Epoch: 130/200 | Batch 0000/0448 | Cost: 1.9929
Epoch: 130/200 | Batch 0050/0448 | Cost: 1.7091
Epoch: 130/200 | Batch 0100/0448 | Cost: 1.4433
Epoch: 130/200 | Batch 0150/0448 | Cost: 4.2667
Epoch: 130/200 | Batch 0200/0448 | Cost: 2.6648
Epoch: 130/200 | Batch 0300/0448 | Cost: 2.9854
Epoch: 130/200 | Batch 0350/0448 | Cost: 1.3501
Epoch: 130/200 | Batch 0400/0448 | Cost: 3.0398
MAE/RMSE: | Current Valid: 6.20/8.99 Ep. 129 | Best Valid : 5.10/7.45 Ep. 21
Time elapsed: 29.78 min
Epoch: 131/200 | Batch 0000/0448 | Cost: 2.9578
Epoch: 131/200 | Batch 0050/0448 | Cost: 2.0334
Epoch: 131/200 | Batch 0100/0448 | Cost: 9.7243
Epoch: 131/200 | Batch 0150/0448 | Cost: 2.9301
Epoch: 131/200 | Batch 0200/0448 | Cost: 1.6533
Epoch: 131/200 | Batch 0250/0448 | Cost: 2.9920
Epoch: 131/200 | Batch 0300/0448 | Cost: 2.6933
Epoch: 131/200 | Batch 0400/0448 | Cost: 2.1811
MAE/RMSE: | Current Valid: 9.16/12.02 Ep. 130 | Best Valid : 5.10/7.45 Ep. 21
Time elapsed: 30.01 min
Epoch: 132/200 | Batch 0000/0448 | Cost: 10.0878
Epoch: 132/200 | Batch 0050/0448 | Cost: 6.5503
Epoch: 132/200 | Batch 0100/0448 | Cost: 5.1394
Epoch: 132/200 | Batch 0150/0448 | Cost: 4.2216
Epoch: 132/200 | Batch 0200/0448 | Cost: 15.0662
Epoch: 132/200 | Batch 0250/0448 | Cost: 3.7991
Epoch: 132/200 | Batch 0300/0448 | Cost: 4.3526
Epoch: 132/200 | Batch 0350/0448 | Cost: 2.8352
Epoch: 132/200 | Batch 0400/0448 | Cost: 2.7461
MAE/RMSE: | Current Valid: 6.65/9.07 Ep. 131 | Best Valid : 5.10/7.45 Ep. 21
Time elapsed: 30.24 min
Epoch: 133/200 | Batch 0000/0448 | Cost: 2.3453
Epoch: 133/200 | Batch 0050/0448 | Cost: 2.7493
Epoch: 133/200 | Batch 0100/0448 | Cost: 2.1222
Epoch: 133/200 | Batch 0150/0448 | Cost: 2.2212
Epoch: 133/200 | Batch 0200/0448 | Cost: 0.7584
Epoch: 133/200 | Batch 0300/0448 | Cost: 10.4648
Epoch: 133/200 | Batch 0350/0448 | Cost: 2.8305
Epoch: 133/200 | Batch 0400/0448 | Cost: 2.8389
MAE/RMSE: | Current Valid: 6.31/9.00 Ep. 132 | Best Valid : 5.10/7.45 Ep. 21
Time elapsed: 30.46 min
Epoch: 134/200 | Batch 0000/0448 | Cost: 2.0626
Epoch: 134/200 | Batch 0100/0448 | Cost: 1.7537
Epoch: 134/200 | Batch 0150/0448 | Cost: 2.1225
Epoch: 134/200 | Batch 0200/0448 | Cost: 0.0710
Epoch: 134/200 | Batch 0250/0448 | Cost: 2.9700
Epoch: 134/200 | Batch 0300/0448 | Cost: 0.0663
Epoch: 134/200 | Batch 0400/0448 | Cost: 5.8136
MAE/RMSE: | Current Valid: 5.55/8.34 Ep. 133 | Best Valid : 5.10/7.45 Ep. 21
Time elapsed: 30.69 min
Epoch: 135/200 | Batch 0000/0448 | Cost: 2.7031
Epoch: 135/200 | Batch 0050/0448 | Cost: 2.5989
Epoch: 135/200 | Batch 0100/0448 | Cost: 2.7256
Epoch: 135/200 | Batch 0150/0448 | Cost: 3.2240
Epoch: 135/200 | Batch 0200/0448 | Cost: 2.6016
Epoch: 135/200 | Batch 0250/0448 | Cost: 2.2139
Epoch: 135/200 | Batch 0300/0448 | Cost: 1.7662
Epoch: 135/200 | Batch 0400/0448 | Cost: 2.3864
MAE/RMSE: | Current Valid: 5.90/8.68 Ep. 134 | Best Valid : 5.10/7.45 Ep. 21
Time elapsed: 30.92 min
Epoch: 136/200 | Batch 0000/0448 | Cost: 2.4175
Epoch: 136/200 | Batch 0050/0448 | Cost: 3.0294
Epoch: 136/200 | Batch 0100/0448 | Cost: 1.9936
Epoch: 136/200 | Batch 0200/0448 | Cost: 2.3109
Epoch: 136/200 | Batch 0250/0448 | Cost: 1.6721
Epoch: 136/200 | Batch 0300/0448 | Cost: 2.4830
Epoch: 136/200 | Batch 0350/0448 | Cost: 2.4291
Epoch: 136/200 | Batch 0400/0448 | Cost: 2.1638
MAE/RMSE: | Current Valid: 6.20/8.90 Ep. 135 | Best Valid : 5.10/7.45 Ep. 21
Time elapsed: 31.15 min
Epoch: 137/200 | Batch 0000/0448 | Cost: 3.2071
Epoch: 137/200 | Batch 0050/0448 | Cost: 2.6251
Epoch: 137/200 | Batch 0100/0448 | Cost: 2.2994
Epoch: 137/200 | Batch 0150/0448 | Cost: 2.1236
Epoch: 137/200 | Batch 0200/0448 | Cost: 2.5788
Epoch: 137/200 | Batch 0250/0448 | Cost: 2.1469
Epoch: 137/200 | Batch 0300/0448 | Cost: 4.3349
Epoch: 137/200 | Batch 0350/0448 | Cost: 2.8355
Epoch: 137/200 | Batch 0400/0448 | Cost: 2.4562
MAE/RMSE: | Current Valid: 7.12/9.75 Ep. 136 | Best Valid : 5.10/7.45 Ep. 21
Time elapsed: 31.38 min
Epoch: 138/200 | Batch 0000/0448 | Cost: 1.0980
Epoch: 138/200 | Batch 0050/0448 | Cost: 1.7103
Epoch: 138/200 | Batch 0100/0448 | Cost: 2.2300
Epoch: 138/200 | Batch 0150/0448 | Cost: 3.9892
Epoch: 138/200 | Batch 0250/0448 | Cost: 2.2524
Epoch: 138/200 | Batch 0350/0448 | Cost: 2.8739
Epoch: 138/200 | Batch 0400/0448 | Cost: 2.9404
MAE/RMSE: | Current Valid: 6.69/9.15 Ep. 137 | Best Valid : 5.10/7.45 Ep. 21
Time elapsed: 31.61 min
Epoch: 139/200 | Batch 0000/0448 | Cost: 2.4486
Epoch: 139/200 | Batch 0050/0448 | Cost: 1.6485
Epoch: 139/200 | Batch 0100/0448 | Cost: 2.8531
Epoch: 139/200 | Batch 0200/0448 | Cost: 1.8153
Epoch: 139/200 | Batch 0250/0448 | Cost: 1.8043
Epoch: 139/200 | Batch 0350/0448 | Cost: 2.3470
Epoch: 139/200 | Batch 0400/0448 | Cost: 2.0293
MAE/RMSE: | Current Valid: 6.42/9.11 Ep. 138 | Best Valid : 5.10/7.45 Ep. 21
Time elapsed: 31.84 min
Epoch: 140/200 | Batch 0000/0448 | Cost: 3.1945
Epoch: 140/200 | Batch 0050/0448 | Cost: 2.1444
Epoch: 140/200 | Batch 0100/0448 | Cost: 3.8462
Epoch: 140/200 | Batch 0150/0448 | Cost: 2.2449
Epoch: 140/200 | Batch 0200/0448 | Cost: 20.0455
Epoch: 140/200 | Batch 0250/0448 | Cost: 0.3290
Epoch: 140/200 | Batch 0300/0448 | Cost: 2.3546
Epoch: 140/200 | Batch 0350/0448 | Cost: 2.0774
Epoch: 140/200 | Batch 0400/0448 | Cost: 2.8672
MAE/RMSE: | Current Valid: 6.27/8.57 Ep. 139 | Best Valid : 5.10/7.45 Ep. 21
Time elapsed: 32.07 min
Epoch: 141/200 | Batch 0000/0448 | Cost: 2.9206
Epoch: 141/200 | Batch 0050/0448 | Cost: 1.4443
Epoch: 141/200 | Batch 0100/0448 | Cost: 2.1987
Epoch: 141/200 | Batch 0150/0448 | Cost: 2.3112
Epoch: 141/200 | Batch 0200/0448 | Cost: 2.0628
Epoch: 141/200 | Batch 0250/0448 | Cost: 2.9802
Epoch: 141/200 | Batch 0300/0448 | Cost: 0.4275
Epoch: 141/200 | Batch 0350/0448 | Cost: 2.0398
Epoch: 141/200 | Batch 0400/0448 | Cost: 2.6597
MAE/RMSE: | Current Valid: 5.99/8.55 Ep. 140 | Best Valid : 5.10/7.45 Ep. 21
Time elapsed: 32.29 min
Epoch: 142/200 | Batch 0000/0448 | Cost: 1.8550
Epoch: 142/200 | Batch 0050/0448 | Cost: 2.4105
Epoch: 142/200 | Batch 0100/0448 | Cost: 2.1121
Epoch: 142/200 | Batch 0150/0448 | Cost: 2.8595
Epoch: 142/200 | Batch 0200/0448 | Cost: 1.7684
Epoch: 142/200 | Batch 0250/0448 | Cost: 1.4491
Epoch: 142/200 | Batch 0300/0448 | Cost: 2.1503
Epoch: 142/200 | Batch 0350/0448 | Cost: 1.8969
Epoch: 142/200 | Batch 0400/0448 | Cost: 0.2239
MAE/RMSE: | Current Valid: 6.07/8.51 Ep. 141 | Best Valid : 5.10/7.45 Ep. 21
Time elapsed: 32.53 min
Epoch: 143/200 | Batch 0000/0448 | Cost: 2.5993
Epoch: 143/200 | Batch 0050/0448 | Cost: 2.3199
Epoch: 143/200 | Batch 0100/0448 | Cost: 2.3389
Epoch: 143/200 | Batch 0150/0448 | Cost: 2.2973
Epoch: 143/200 | Batch 0200/0448 | Cost: 2.2503
Epoch: 143/200 | Batch 0250/0448 | Cost: 2.0571
Epoch: 143/200 | Batch 0300/0448 | Cost: 2.5165
Epoch: 143/200 | Batch 0350/0448 | Cost: 2.8103
Epoch: 143/200 | Batch 0400/0448 | Cost: 3.5464
MAE/RMSE: | Current Valid: 6.04/8.70 Ep. 142 | Best Valid : 5.10/7.45 Ep. 21
Time elapsed: 32.76 min
Epoch: 144/200 | Batch 0000/0448 | Cost: 2.3928
Epoch: 144/200 | Batch 0050/0448 | Cost: 2.6363
Epoch: 144/200 | Batch 0100/0448 | Cost: 1.5566
Epoch: 144/200 | Batch 0150/0448 | Cost: 0.8597
Epoch: 144/200 | Batch 0200/0448 | Cost: 1.3894
Epoch: 144/200 | Batch 0250/0448 | Cost: 2.2819
Epoch: 144/200 | Batch 0300/0448 | Cost: 1.8183
Epoch: 144/200 | Batch 0350/0448 | Cost: 2.0507
Epoch: 144/200 | Batch 0400/0448 | Cost: 1.5294
MAE/RMSE: | Current Valid: 5.87/8.55 Ep. 143 | Best Valid : 5.10/7.45 Ep. 21
Time elapsed: 32.99 min
Epoch: 145/200 | Batch 0000/0448 | Cost: 2.8452
Epoch: 145/200 | Batch 0050/0448 | Cost: 2.2115
Epoch: 145/200 | Batch 0100/0448 | Cost: 3.9037
Epoch: 145/200 | Batch 0150/0448 | Cost: 9.7871
Epoch: 145/200 | Batch 0200/0448 | Cost: 5.7579
Epoch: 145/200 | Batch 0250/0448 | Cost: 1.0502
Epoch: 145/200 | Batch 0350/0448 | Cost: 2.3309
Epoch: 145/200 | Batch 0400/0448 | Cost: 5.5950
MAE/RMSE: | Current Valid: 6.42/8.94 Ep. 144 | Best Valid : 5.10/7.45 Ep. 21
Time elapsed: 33.22 min
Epoch: 146/200 | Batch 0000/0448 | Cost: 3.1708
Epoch: 146/200 | Batch 0050/0448 | Cost: 2.5635
Epoch: 146/200 | Batch 0100/0448 | Cost: 2.8454
Epoch: 146/200 | Batch 0150/0448 | Cost: 1.5337
Epoch: 146/200 | Batch 0200/0448 | Cost: 1.8627
Epoch: 146/200 | Batch 0300/0448 | Cost: 6.3901
Epoch: 146/200 | Batch 0350/0448 | Cost: 2.4304
Epoch: 146/200 | Batch 0400/0448 | Cost: 2.5039
MAE/RMSE: | Current Valid: 6.40/8.90 Ep. 145 | Best Valid : 5.10/7.45 Ep. 21
Time elapsed: 33.45 min
Epoch: 147/200 | Batch 0100/0448 | Cost: 0.1030
Epoch: 147/200 | Batch 0150/0448 | Cost: 2.3277
Epoch: 147/200 | Batch 0200/0448 | Cost: 2.0057
Epoch: 147/200 | Batch 0250/0448 | Cost: 3.1931
Epoch: 147/200 | Batch 0300/0448 | Cost: 2.4711
Epoch: 147/200 | Batch 0350/0448 | Cost: 1.8902
Epoch: 147/200 | Batch 0400/0448 | Cost: 3.0515
MAE/RMSE: | Current Valid: 6.48/8.97 Ep. 146 | Best Valid : 5.10/7.45 Ep. 21
Time elapsed: 33.68 min
Epoch: 148/200 | Batch 0000/0448 | Cost: 2.1905
Epoch: 148/200 | Batch 0050/0448 | Cost: 1.9780
Epoch: 148/200 | Batch 0100/0448 | Cost: 2.0799
Epoch: 148/200 | Batch 0150/0448 | Cost: 2.6636
Epoch: 148/200 | Batch 0200/0448 | Cost: 2.2200
Epoch: 148/200 | Batch 0250/0448 | Cost: 2.3884
Epoch: 148/200 | Batch 0300/0448 | Cost: 2.2660
Epoch: 148/200 | Batch 0350/0448 | Cost: 2.3893
Epoch: 148/200 | Batch 0400/0448 | Cost: 4.7478
MAE/RMSE: | Current Valid: 6.83/9.13 Ep. 147 | Best Valid : 5.10/7.45 Ep. 21
Time elapsed: 33.90 min
Epoch: 149/200 | Batch 0000/0448 | Cost: 1.5642
Epoch: 149/200 | Batch 0150/0448 | Cost: 2.3555
Epoch: 149/200 | Batch 0200/0448 | Cost: 2.3912
Epoch: 149/200 | Batch 0250/0448 | Cost: 3.9567
Epoch: 149/200 | Batch 0300/0448 | Cost: 2.2762
Epoch: 149/200 | Batch 0350/0448 | Cost: 3.1508
MAE/RMSE: | Current Valid: 6.89/9.09 Ep. 148 | Best Valid : 5.10/7.45 Ep. 21
Time elapsed: 34.13 min
Epoch: 150/200 | Batch 0000/0448 | Cost: 1.7717
Epoch: 150/200 | Batch 0050/0448 | Cost: 2.9875
Epoch: 150/200 | Batch 0150/0448 | Cost: 10.4249
Epoch: 150/200 | Batch 0200/0448 | Cost: 5.4536
Epoch: 150/200 | Batch 0250/0448 | Cost: 6.5676
Epoch: 150/200 | Batch 0300/0448 | Cost: 2.4686
Epoch: 150/200 | Batch 0350/0448 | Cost: 1.6831
Epoch: 150/200 | Batch 0400/0448 | Cost: 3.0143
MAE/RMSE: | Current Valid: 6.83/9.22 Ep. 149 | Best Valid : 5.10/7.45 Ep. 21
Time elapsed: 34.36 min
Epoch: 151/200 | Batch 0000/0448 | Cost: 4.3388
Epoch: 151/200 | Batch 0150/0448 | Cost: 1.3317
Epoch: 151/200 | Batch 0200/0448 | Cost: 3.2361
Epoch: 151/200 | Batch 0250/0448 | Cost: 2.8985
Epoch: 151/200 | Batch 0300/0448 | Cost: 2.6881
Epoch: 151/200 | Batch 0350/0448 | Cost: 3.1659
Epoch: 151/200 | Batch 0400/0448 | Cost: 2.9886
MAE/RMSE: | Current Valid: 6.24/8.96 Ep. 150 | Best Valid : 5.10/7.45 Ep. 21
Time elapsed: 34.59 min
Epoch: 152/200 | Batch 0000/0448 | Cost: 2.7032
Epoch: 152/200 | Batch 0100/0448 | Cost: 2.4238
Epoch: 152/200 | Batch 0150/0448 | Cost: 1.6927
Epoch: 152/200 | Batch 0200/0448 | Cost: 2.3131
Epoch: 152/200 | Batch 0250/0448 | Cost: 2.8110
Epoch: 152/200 | Batch 0300/0448 | Cost: 2.8135
Epoch: 152/200 | Batch 0350/0448 | Cost: 2.5009
Epoch: 152/200 | Batch 0400/0448 | Cost: 2.1863
MAE/RMSE: | Current Valid: 6.40/9.19 Ep. 151 | Best Valid : 5.10/7.45 Ep. 21
Time elapsed: 34.82 min
Epoch: 153/200 | Batch 0000/0448 | Cost: 1.9740
Epoch: 153/200 | Batch 0050/0448 | Cost: 0.9300
Epoch: 153/200 | Batch 0150/0448 | Cost: 2.5309
Epoch: 153/200 | Batch 0200/0448 | Cost: 2.2262
Epoch: 153/200 | Batch 0250/0448 | Cost: 2.7064
Epoch: 153/200 | Batch 0300/0448 | Cost: 2.5014
Epoch: 153/200 | Batch 0350/0448 | Cost: 2.2714
Epoch: 153/200 | Batch 0400/0448 | Cost: 1.3238
MAE/RMSE: | Current Valid: 6.51/9.32 Ep. 152 | Best Valid : 5.10/7.45 Ep. 21
Time elapsed: 35.05 min
Epoch: 154/200 | Batch 0000/0448 | Cost: 2.8763
Epoch: 154/200 | Batch 0050/0448 | Cost: 1.5342
Epoch: 154/200 | Batch 0100/0448 | Cost: 2.2459
Epoch: 154/200 | Batch 0150/0448 | Cost: 2.6426
Epoch: 154/200 | Batch 0200/0448 | Cost: 1.2674
Epoch: 154/200 | Batch 0250/0448 | Cost: 0.0933
Epoch: 154/200 | Batch 0300/0448 | Cost: 2.0714
Epoch: 154/200 | Batch 0400/0448 | Cost: 2.4163
MAE/RMSE: | Current Valid: 6.71/9.02 Ep. 153 | Best Valid : 5.10/7.45 Ep. 21
Time elapsed: 35.28 min
Epoch: 155/200 | Batch 0000/0448 | Cost: 1.9044
Epoch: 155/200 | Batch 0050/0448 | Cost: 2.6216
Epoch: 155/200 | Batch 0100/0448 | Cost: 3.3086
Epoch: 155/200 | Batch 0150/0448 | Cost: 2.6224
Epoch: 155/200 | Batch 0200/0448 | Cost: 1.6323
Epoch: 155/200 | Batch 0250/0448 | Cost: 1.5449
Epoch: 155/200 | Batch 0300/0448 | Cost: 2.3524
Epoch: 155/200 | Batch 0350/0448 | Cost: 0.9413
Epoch: 155/200 | Batch 0400/0448 | Cost: 1.9034
MAE/RMSE: | Current Valid: 6.54/9.14 Ep. 154 | Best Valid : 5.10/7.45 Ep. 21
Time elapsed: 35.51 min
Epoch: 156/200 | Batch 0000/0448 | Cost: 1.9084
Epoch: 156/200 | Batch 0050/0448 | Cost: 1.9738
Epoch: 156/200 | Batch 0100/0448 | Cost: 2.5198
Epoch: 156/200 | Batch 0150/0448 | Cost: 2.1030
Epoch: 156/200 | Batch 0200/0448 | Cost: 2.1185
Epoch: 156/200 | Batch 0250/0448 | Cost: 2.2943
Epoch: 156/200 | Batch 0300/0448 | Cost: 2.4184
Epoch: 156/200 | Batch 0350/0448 | Cost: 3.8001
Epoch: 156/200 | Batch 0400/0448 | Cost: 4.3855
MAE/RMSE: | Current Valid: 6.65/9.00 Ep. 155 | Best Valid : 5.10/7.45 Ep. 21
Time elapsed: 35.74 min
Epoch: 157/200 | Batch 0000/0448 | Cost: 2.7232
Epoch: 157/200 | Batch 0050/0448 | Cost: 3.0596
Epoch: 157/200 | Batch 0100/0448 | Cost: 5.8962
Epoch: 157/200 | Batch 0150/0448 | Cost: 2.8741
Epoch: 157/200 | Batch 0200/0448 | Cost: 3.0434
Epoch: 157/200 | Batch 0250/0448 | Cost: 1.4571
Epoch: 157/200 | Batch 0300/0448 | Cost: 1.6108
Epoch: 157/200 | Batch 0350/0448 | Cost: 2.1179
Epoch: 157/200 | Batch 0400/0448 | Cost: 2.1718
MAE/RMSE: | Current Valid: 6.81/9.34 Ep. 156 | Best Valid : 5.10/7.45 Ep. 21
Time elapsed: 35.97 min
Epoch: 158/200 | Batch 0000/0448 | Cost: 1.9371
Epoch: 158/200 | Batch 0050/0448 | Cost: 2.9615
Epoch: 158/200 | Batch 0100/0448 | Cost: 2.2160
Epoch: 158/200 | Batch 0150/0448 | Cost: 2.2385
Epoch: 158/200 | Batch 0250/0448 | Cost: 1.7995
Epoch: 158/200 | Batch 0300/0448 | Cost: 3.9503
Epoch: 158/200 | Batch 0350/0448 | Cost: 2.6664
Epoch: 158/200 | Batch 0400/0448 | Cost: 1.9849
MAE/RMSE: | Current Valid: 7.02/9.44 Ep. 157 | Best Valid : 5.10/7.45 Ep. 21
Time elapsed: 36.20 min
Epoch: 159/200 | Batch 0000/0448 | Cost: 3.7508
Epoch: 159/200 | Batch 0050/0448 | Cost: 4.7363
Epoch: 159/200 | Batch 0100/0448 | Cost: 1.9362
Epoch: 159/200 | Batch 0150/0448 | Cost: 1.6154
Epoch: 159/200 | Batch 0200/0448 | Cost: 3.0793
Epoch: 159/200 | Batch 0250/0448 | Cost: 2.8064
Epoch: 159/200 | Batch 0300/0448 | Cost: 2.3705
Epoch: 159/200 | Batch 0400/0448 | Cost: 3.4095
MAE/RMSE: | Current Valid: 6.41/9.12 Ep. 158 | Best Valid : 5.10/7.45 Ep. 21
Time elapsed: 36.43 min
Epoch: 160/200 | Batch 0050/0448 | Cost: 1.2514
Epoch: 160/200 | Batch 0100/0448 | Cost: 1.7013
Epoch: 160/200 | Batch 0150/0448 | Cost: 2.6346
Epoch: 160/200 | Batch 0200/0448 | Cost: 1.3409
Epoch: 160/200 | Batch 0250/0448 | Cost: 2.9209
Epoch: 160/200 | Batch 0300/0448 | Cost: 0.8602
Epoch: 160/200 | Batch 0350/0448 | Cost: 2.8060
Epoch: 160/200 | Batch 0400/0448 | Cost: 3.6053
MAE/RMSE: | Current Valid: 6.73/9.31 Ep. 159 | Best Valid : 5.10/7.45 Ep. 21
Time elapsed: 36.66 min
Epoch: 161/200 | Batch 0000/0448 | Cost: 2.2233
Epoch: 161/200 | Batch 0050/0448 | Cost: 2.1896
Epoch: 161/200 | Batch 0100/0448 | Cost: 0.0736
Epoch: 161/200 | Batch 0150/0448 | Cost: 15.4478
Epoch: 161/200 | Batch 0250/0448 | Cost: 1.5603
Epoch: 161/200 | Batch 0300/0448 | Cost: 2.2970
Epoch: 161/200 | Batch 0350/0448 | Cost: 4.3759
Epoch: 161/200 | Batch 0400/0448 | Cost: 1.7882
MAE/RMSE: | Current Valid: 9.12/12.62 Ep. 160 | Best Valid : 5.10/7.45 Ep. 21
Time elapsed: 36.89 min
Epoch: 162/200 | Batch 0050/0448 | Cost: 3.0111
Epoch: 162/200 | Batch 0100/0448 | Cost: 2.0799
Epoch: 162/200 | Batch 0150/0448 | Cost: 9.6494
Epoch: 162/200 | Batch 0200/0448 | Cost: 2.5986
Epoch: 162/200 | Batch 0250/0448 | Cost: 2.4553
Epoch: 162/200 | Batch 0300/0448 | Cost: 2.3758
Epoch: 162/200 | Batch 0350/0448 | Cost: 2.3450
Epoch: 162/200 | Batch 0400/0448 | Cost: 2.2758
MAE/RMSE: | Current Valid: 6.41/9.10 Ep. 161 | Best Valid : 5.10/7.45 Ep. 21
Time elapsed: 37.12 min
Epoch: 163/200 | Batch 0000/0448 | Cost: 2.7057
Epoch: 163/200 | Batch 0050/0448 | Cost: 2.2381
Epoch: 163/200 | Batch 0150/0448 | Cost: 2.2418
Epoch: 163/200 | Batch 0200/0448 | Cost: 2.1337
Epoch: 163/200 | Batch 0250/0448 | Cost: 1.7383
Epoch: 163/200 | Batch 0300/0448 | Cost: 0.9243
Epoch: 163/200 | Batch 0350/0448 | Cost: 2.0190
Epoch: 163/200 | Batch 0400/0448 | Cost: 1.8365
MAE/RMSE: | Current Valid: 6.40/8.90 Ep. 162 | Best Valid : 5.10/7.45 Ep. 21
Time elapsed: 37.35 min
Epoch: 164/200 | Batch 0000/0448 | Cost: 4.5376
Epoch: 164/200 | Batch 0050/0448 | Cost: 1.5601
Epoch: 164/200 | Batch 0100/0448 | Cost: 1.9571
Epoch: 164/200 | Batch 0150/0448 | Cost: 2.5122
Epoch: 164/200 | Batch 0200/0448 | Cost: 2.2240
Epoch: 164/200 | Batch 0250/0448 | Cost: 1.5671
Epoch: 164/200 | Batch 0350/0448 | Cost: 1.4972
Epoch: 164/200 | Batch 0400/0448 | Cost: 2.1556
MAE/RMSE: | Current Valid: 6.25/8.89 Ep. 163 | Best Valid : 5.10/7.45 Ep. 21
Time elapsed: 37.58 min
Epoch: 165/200 | Batch 0000/0448 | Cost: 2.3083
Epoch: 165/200 | Batch 0050/0448 | Cost: 1.6124
Epoch: 165/200 | Batch 0100/0448 | Cost: 1.6513
Epoch: 165/200 | Batch 0150/0448 | Cost: 1.7592
Epoch: 165/200 | Batch 0200/0448 | Cost: 2.5637
Epoch: 165/200 | Batch 0250/0448 | Cost: 1.5196
Epoch: 165/200 | Batch 0300/0448 | Cost: 0.0592
Epoch: 165/200 | Batch 0350/0448 | Cost: 2.0728
Epoch: 165/200 | Batch 0400/0448 | Cost: 2.0615
MAE/RMSE: | Current Valid: 6.43/9.08 Ep. 164 | Best Valid : 5.10/7.45 Ep. 21
Time elapsed: 37.81 min
Epoch: 166/200 | Batch 0000/0448 | Cost: 1.6783
Epoch: 166/200 | Batch 0100/0448 | Cost: 2.2575
Epoch: 166/200 | Batch 0150/0448 | Cost: 2.4199
Epoch: 166/200 | Batch 0250/0448 | Cost: 3.2396
Epoch: 166/200 | Batch 0300/0448 | Cost: 1.4763
Epoch: 166/200 | Batch 0400/0448 | Cost: 1.9673
MAE/RMSE: | Current Valid: 6.18/8.87 Ep. 165 | Best Valid : 5.10/7.45 Ep. 21
Time elapsed: 38.04 min
Epoch: 167/200 | Batch 0000/0448 | Cost: 2.4078
Epoch: 167/200 | Batch 0100/0448 | Cost: 2.0813
Epoch: 167/200 | Batch 0150/0448 | Cost: 2.2664
Epoch: 167/200 | Batch 0200/0448 | Cost: 1.4639
Epoch: 167/200 | Batch 0300/0448 | Cost: 1.2585
Epoch: 167/200 | Batch 0350/0448 | Cost: 2.4228
Epoch: 167/200 | Batch 0400/0448 | Cost: 2.2608
MAE/RMSE: | Current Valid: 6.30/8.88 Ep. 166 | Best Valid : 5.10/7.45 Ep. 21
Time elapsed: 38.26 min
Epoch: 168/200 | Batch 0000/0448 | Cost: 3.4572
Epoch: 168/200 | Batch 0050/0448 | Cost: 2.7668
Epoch: 168/200 | Batch 0100/0448 | Cost: 2.4498
Epoch: 168/200 | Batch 0200/0448 | Cost: 1.5204
Epoch: 168/200 | Batch 0250/0448 | Cost: 1.4447
Epoch: 168/200 | Batch 0300/0448 | Cost: 2.0836
Epoch: 168/200 | Batch 0350/0448 | Cost: 1.7940
Epoch: 168/200 | Batch 0400/0448 | Cost: 2.5222
MAE/RMSE: | Current Valid: 6.01/8.71 Ep. 167 | Best Valid : 5.10/7.45 Ep. 21
Time elapsed: 38.49 min
Epoch: 169/200 | Batch 0000/0448 | Cost: 0.1300
Epoch: 169/200 | Batch 0050/0448 | Cost: 1.8129
Epoch: 169/200 | Batch 0100/0448 | Cost: 1.4603
Epoch: 169/200 | Batch 0150/0448 | Cost: 2.1963
Epoch: 169/200 | Batch 0200/0448 | Cost: 2.0880
Epoch: 169/200 | Batch 0250/0448 | Cost: 1.0974
Epoch: 169/200 | Batch 0300/0448 | Cost: 3.0384
Epoch: 169/200 | Batch 0350/0448 | Cost: 1.3522
Epoch: 169/200 | Batch 0400/0448 | Cost: 2.0680
MAE/RMSE: | Current Valid: 6.27/8.72 Ep. 168 | Best Valid : 5.10/7.45 Ep. 21
Time elapsed: 38.72 min
Epoch: 170/200 | Batch 0000/0448 | Cost: 2.0865
Epoch: 170/200 | Batch 0050/0448 | Cost: 1.9547
Epoch: 170/200 | Batch 0100/0448 | Cost: 2.1139
Epoch: 170/200 | Batch 0150/0448 | Cost: 2.4493
Epoch: 170/200 | Batch 0200/0448 | Cost: 3.6246
Epoch: 170/200 | Batch 0250/0448 | Cost: 1.8712
Epoch: 170/200 | Batch 0300/0448 | Cost: 0.0834
Epoch: 170/200 | Batch 0350/0448 | Cost: 2.8299
Epoch: 170/200 | Batch 0400/0448 | Cost: 0.0476
MAE/RMSE: | Current Valid: 6.82/9.14 Ep. 169 | Best Valid : 5.10/7.45 Ep. 21
Time elapsed: 38.95 min
Epoch: 171/200 | Batch 0000/0448 | Cost: 1.5014
Epoch: 171/200 | Batch 0050/0448 | Cost: 3.1931
Epoch: 171/200 | Batch 0100/0448 | Cost: 2.6790
Epoch: 171/200 | Batch 0150/0448 | Cost: 2.5398
Epoch: 171/200 | Batch 0250/0448 | Cost: 3.4424
Epoch: 171/200 | Batch 0300/0448 | Cost: 3.7007
Epoch: 171/200 | Batch 0350/0448 | Cost: 4.0351
Epoch: 171/200 | Batch 0400/0448 | Cost: 2.3682
MAE/RMSE: | Current Valid: 6.93/9.96 Ep. 170 | Best Valid : 5.10/7.45 Ep. 21
Time elapsed: 39.17 min
Epoch: 172/200 | Batch 0000/0448 | Cost: 2.1732
Epoch: 172/200 | Batch 0050/0448 | Cost: 3.2201
Epoch: 172/200 | Batch 0100/0448 | Cost: 1.6916
Epoch: 172/200 | Batch 0150/0448 | Cost: 2.2685
Epoch: 172/200 | Batch 0200/0448 | Cost: 2.2242
Epoch: 172/200 | Batch 0250/0448 | Cost: 2.0235
Epoch: 172/200 | Batch 0300/0448 | Cost: 4.7155
Epoch: 172/200 | Batch 0350/0448 | Cost: 4.0058
Epoch: 172/200 | Batch 0400/0448 | Cost: 2.2511
MAE/RMSE: | Current Valid: 6.13/8.84 Ep. 171 | Best Valid : 5.10/7.45 Ep. 21
Time elapsed: 39.40 min
Epoch: 173/200 | Batch 0000/0448 | Cost: 2.3907
Epoch: 173/200 | Batch 0050/0448 | Cost: 2.8018
Epoch: 173/200 | Batch 0100/0448 | Cost: 2.0357
Epoch: 173/200 | Batch 0150/0448 | Cost: 3.7107
Epoch: 173/200 | Batch 0200/0448 | Cost: 1.1155
Epoch: 173/200 | Batch 0250/0448 | Cost: 2.5109
Epoch: 173/200 | Batch 0300/0448 | Cost: 1.8833
Epoch: 173/200 | Batch 0350/0448 | Cost: 0.1225
MAE/RMSE: | Current Valid: 5.89/8.58 Ep. 172 | Best Valid : 5.10/7.45 Ep. 21
Time elapsed: 39.63 min
Epoch: 174/200 | Batch 0000/0448 | Cost: 3.1712
Epoch: 174/200 | Batch 0050/0448 | Cost: 1.1481
Epoch: 174/200 | Batch 0100/0448 | Cost: 2.1862
Epoch: 174/200 | Batch 0150/0448 | Cost: 1.8040
Epoch: 174/200 | Batch 0200/0448 | Cost: 1.8020
Epoch: 174/200 | Batch 0250/0448 | Cost: 2.0340
Epoch: 174/200 | Batch 0300/0448 | Cost: 2.3559
Epoch: 174/200 | Batch 0350/0448 | Cost: 3.9822
Epoch: 174/200 | Batch 0400/0448 | Cost: 2.4002
MAE/RMSE: | Current Valid: 6.25/9.15 Ep. 173 | Best Valid : 5.10/7.45 Ep. 21
Time elapsed: 39.86 min
Epoch: 175/200 | Batch 0000/0448 | Cost: 2.5869
Epoch: 175/200 | Batch 0050/0448 | Cost: 2.1596
Epoch: 175/200 | Batch 0100/0448 | Cost: 1.7221
Epoch: 175/200 | Batch 0150/0448 | Cost: 1.5168
Epoch: 175/200 | Batch 0200/0448 | Cost: 2.3478
Epoch: 175/200 | Batch 0250/0448 | Cost: 2.4580
Epoch: 175/200 | Batch 0300/0448 | Cost: 2.0945
Epoch: 175/200 | Batch 0350/0448 | Cost: 1.8018
Epoch: 175/200 | Batch 0400/0448 | Cost: 2.6236
MAE/RMSE: | Current Valid: 6.28/8.85 Ep. 174 | Best Valid : 5.10/7.45 Ep. 21
Time elapsed: 40.08 min
Epoch: 176/200 | Batch 0000/0448 | Cost: 2.0908
Epoch: 176/200 | Batch 0100/0448 | Cost: 1.5082
Epoch: 176/200 | Batch 0150/0448 | Cost: 2.6363
Epoch: 176/200 | Batch 0200/0448 | Cost: 3.4945
Epoch: 176/200 | Batch 0250/0448 | Cost: 0.0460
Epoch: 176/200 | Batch 0300/0448 | Cost: 2.1385
Epoch: 176/200 | Batch 0350/0448 | Cost: 1.6895
Epoch: 176/200 | Batch 0400/0448 | Cost: 2.1011
MAE/RMSE: | Current Valid: 6.27/8.81 Ep. 175 | Best Valid : 5.10/7.45 Ep. 21
Time elapsed: 40.32 min
Epoch: 177/200 | Batch 0000/0448 | Cost: 1.8689
Epoch: 177/200 | Batch 0050/0448 | Cost: 2.1124
Epoch: 177/200 | Batch 0100/0448 | Cost: 2.5815
Epoch: 177/200 | Batch 0150/0448 | Cost: 1.7726
Epoch: 177/200 | Batch 0200/0448 | Cost: 2.0602
Epoch: 177/200 | Batch 0250/0448 | Cost: 2.1986
Epoch: 177/200 | Batch 0300/0448 | Cost: 1.6379
Epoch: 177/200 | Batch 0350/0448 | Cost: 1.2470
MAE/RMSE: | Current Valid: 6.19/8.74 Ep. 176 | Best Valid : 5.10/7.45 Ep. 21
Time elapsed: 40.54 min
Epoch: 178/200 | Batch 0000/0448 | Cost: 1.8548
Epoch: 178/200 | Batch 0050/0448 | Cost: 2.1433
Epoch: 178/200 | Batch 0100/0448 | Cost: 1.5784
Epoch: 178/200 | Batch 0150/0448 | Cost: 2.0582
Epoch: 178/200 | Batch 0200/0448 | Cost: 2.4240
Epoch: 178/200 | Batch 0250/0448 | Cost: 3.2217
Epoch: 178/200 | Batch 0300/0448 | Cost: 1.9144
Epoch: 178/200 | Batch 0350/0448 | Cost: 1.7968
Epoch: 178/200 | Batch 0400/0448 | Cost: 1.1120
MAE/RMSE: | Current Valid: 6.25/9.10 Ep. 177 | Best Valid : 5.10/7.45 Ep. 21
Time elapsed: 40.78 min
Epoch: 179/200 | Batch 0000/0448 | Cost: 2.4344
Epoch: 179/200 | Batch 0050/0448 | Cost: 3.1704
Epoch: 179/200 | Batch 0100/0448 | Cost: 2.3097
Epoch: 179/200 | Batch 0150/0448 | Cost: 2.1152
Epoch: 179/200 | Batch 0200/0448 | Cost: 1.7265
Epoch: 179/200 | Batch 0250/0448 | Cost: 2.1425
Epoch: 179/200 | Batch 0300/0448 | Cost: 3.9903
Epoch: 179/200 | Batch 0400/0448 | Cost: 11.4525
MAE/RMSE: | Current Valid: 7.87/10.75 Ep. 178 | Best Valid : 5.10/7.45 Ep. 21
Time elapsed: 41.00 min
Epoch: 180/200 | Batch 0000/0448 | Cost: 1.7138
Epoch: 180/200 | Batch 0050/0448 | Cost: 23.9998
Epoch: 180/200 | Batch 0100/0448 | Cost: 21.4917
Epoch: 180/200 | Batch 0150/0448 | Cost: 6.9439
Epoch: 180/200 | Batch 0200/0448 | Cost: 1.7727
Epoch: 180/200 | Batch 0250/0448 | Cost: 2.3156
Epoch: 180/200 | Batch 0300/0448 | Cost: 8.7681
Epoch: 180/200 | Batch 0350/0448 | Cost: 3.5456
Epoch: 180/200 | Batch 0400/0448 | Cost: 4.3130
MAE/RMSE: | Current Valid: 6.53/8.42 Ep. 179 | Best Valid : 5.10/7.45 Ep. 21
Time elapsed: 41.23 min
Epoch: 181/200 | Batch 0000/0448 | Cost: 2.0292
Epoch: 181/200 | Batch 0050/0448 | Cost: 5.0545
Epoch: 181/200 | Batch 0100/0448 | Cost: 2.8629
Epoch: 181/200 | Batch 0200/0448 | Cost: 17.2534
Epoch: 181/200 | Batch 0250/0448 | Cost: 2.2136
Epoch: 181/200 | Batch 0300/0448 | Cost: 6.5099
Epoch: 181/200 | Batch 0350/0448 | Cost: 0.8966
Epoch: 181/200 | Batch 0400/0448 | Cost: 3.0725
MAE/RMSE: | Current Valid: 6.55/9.09 Ep. 180 | Best Valid : 5.10/7.45 Ep. 21
Time elapsed: 41.45 min
Epoch: 182/200 | Batch 0000/0448 | Cost: 3.0318
Epoch: 182/200 | Batch 0050/0448 | Cost: 2.3509
Epoch: 182/200 | Batch 0150/0448 | Cost: 1.6536
Epoch: 182/200 | Batch 0200/0448 | Cost: 2.1777
Epoch: 182/200 | Batch 0250/0448 | Cost: 1.2056
Epoch: 182/200 | Batch 0300/0448 | Cost: 2.4108
Epoch: 182/200 | Batch 0350/0448 | Cost: 1.3767
Epoch: 182/200 | Batch 0400/0448 | Cost: 2.6122
MAE/RMSE: | Current Valid: 5.90/8.50 Ep. 181 | Best Valid : 5.10/7.45 Ep. 21
Time elapsed: 41.68 min
Epoch: 183/200 | Batch 0050/0448 | Cost: 1.8526
Epoch: 183/200 | Batch 0100/0448 | Cost: 2.6828
Epoch: 183/200 | Batch 0150/0448 | Cost: 0.0609
Epoch: 183/200 | Batch 0200/0448 | Cost: 1.9895
Epoch: 183/200 | Batch 0250/0448 | Cost: 2.2474
Epoch: 183/200 | Batch 0300/0448 | Cost: 4.2248
Epoch: 183/200 | Batch 0350/0448 | Cost: 1.5292
Epoch: 183/200 | Batch 0400/0448 | Cost: 2.9830
MAE/RMSE: | Current Valid: 5.69/8.50 Ep. 182 | Best Valid : 5.10/7.45 Ep. 21
Time elapsed: 41.91 min
Epoch: 184/200 | Batch 0000/0448 | Cost: 1.3459
Epoch: 184/200 | Batch 0050/0448 | Cost: 1.7634
Epoch: 184/200 | Batch 0100/0448 | Cost: 2.3786
Epoch: 184/200 | Batch 0150/0448 | Cost: 1.9290
Epoch: 184/200 | Batch 0200/0448 | Cost: 2.1839
Epoch: 184/200 | Batch 0300/0448 | Cost: 2.1144
Epoch: 184/200 | Batch 0350/0448 | Cost: 2.1560
Epoch: 184/200 | Batch 0400/0448 | Cost: 1.6521
MAE/RMSE: | Current Valid: 6.08/8.96 Ep. 183 | Best Valid : 5.10/7.45 Ep. 21
Time elapsed: 42.14 min
Epoch: 185/200 | Batch 0000/0448 | Cost: 0.1878
Epoch: 185/200 | Batch 0050/0448 | Cost: 1.7213
Epoch: 185/200 | Batch 0100/0448 | Cost: 2.2233
Epoch: 185/200 | Batch 0150/0448 | Cost: 2.2019
Epoch: 185/200 | Batch 0200/0448 | Cost: 2.6563
Epoch: 185/200 | Batch 0350/0448 | Cost: 1.6131
Epoch: 185/200 | Batch 0400/0448 | Cost: 1.8445
MAE/RMSE: | Current Valid: 6.11/9.09 Ep. 184 | Best Valid : 5.10/7.45 Ep. 21
Time elapsed: 42.37 min
Epoch: 186/200 | Batch 0000/0448 | Cost: 1.7682
Epoch: 186/200 | Batch 0050/0448 | Cost: 2.0966
Epoch: 186/200 | Batch 0100/0448 | Cost: 1.7312
Epoch: 186/200 | Batch 0150/0448 | Cost: 0.3070
Epoch: 186/200 | Batch 0200/0448 | Cost: 2.3269
Epoch: 186/200 | Batch 0250/0448 | Cost: 0.0361
Epoch: 186/200 | Batch 0300/0448 | Cost: 2.2844
Epoch: 186/200 | Batch 0350/0448 | Cost: 2.4157
Epoch: 186/200 | Batch 0400/0448 | Cost: 3.4666
MAE/RMSE: | Current Valid: 5.98/8.78 Ep. 185 | Best Valid : 5.10/7.45 Ep. 21
Time elapsed: 42.60 min
Epoch: 187/200 | Batch 0050/0448 | Cost: 1.3112
Epoch: 187/200 | Batch 0100/0448 | Cost: 2.0143
Epoch: 187/200 | Batch 0200/0448 | Cost: 2.2479
Epoch: 187/200 | Batch 0250/0448 | Cost: 2.3345
Epoch: 187/200 | Batch 0300/0448 | Cost: 1.9595
Epoch: 187/200 | Batch 0350/0448 | Cost: 2.1819
Epoch: 187/200 | Batch 0400/0448 | Cost: 2.4220
MAE/RMSE: | Current Valid: 6.06/9.01 Ep. 186 | Best Valid : 5.10/7.45 Ep. 21
Time elapsed: 42.83 min
Epoch: 188/200 | Batch 0000/0448 | Cost: 2.7376
Epoch: 188/200 | Batch 0050/0448 | Cost: 2.0167
Epoch: 188/200 | Batch 0100/0448 | Cost: 2.4971
Epoch: 188/200 | Batch 0150/0448 | Cost: 1.5677
Epoch: 188/200 | Batch 0200/0448 | Cost: 1.7905
Epoch: 188/200 | Batch 0250/0448 | Cost: 1.9959
Epoch: 188/200 | Batch 0300/0448 | Cost: 0.8670
Epoch: 188/200 | Batch 0350/0448 | Cost: 1.9638
Epoch: 188/200 | Batch 0400/0448 | Cost: 1.5908
MAE/RMSE: | Current Valid: 5.69/8.53 Ep. 187 | Best Valid : 5.10/7.45 Ep. 21
Time elapsed: 43.06 min
Epoch: 189/200 | Batch 0000/0448 | Cost: 2.2511
Epoch: 189/200 | Batch 0050/0448 | Cost: 2.1672
Epoch: 189/200 | Batch 0100/0448 | Cost: 1.3363
Epoch: 189/200 | Batch 0150/0448 | Cost: 2.4565
Epoch: 189/200 | Batch 0200/0448 | Cost: 1.9581
Epoch: 189/200 | Batch 0250/0448 | Cost: 3.0427
Epoch: 189/200 | Batch 0300/0448 | Cost: 2.0105
Epoch: 189/200 | Batch 0350/0448 | Cost: 1.6268
Epoch: 189/200 | Batch 0400/0448 | Cost: 1.4523
MAE/RMSE: | Current Valid: 5.49/8.31 Ep. 188 | Best Valid : 5.10/7.45 Ep. 21
Time elapsed: 43.29 min
Epoch: 190/200 | Batch 0000/0448 | Cost: 2.3066
Epoch: 190/200 | Batch 0100/0448 | Cost: 2.2846
Epoch: 190/200 | Batch 0150/0448 | Cost: 2.3210
Epoch: 190/200 | Batch 0200/0448 | Cost: 2.2455
Epoch: 190/200 | Batch 0300/0448 | Cost: 2.2224
Epoch: 190/200 | Batch 0350/0448 | Cost: 1.8758
Epoch: 190/200 | Batch 0400/0448 | Cost: 2.1182
MAE/RMSE: | Current Valid: 5.45/8.34 Ep. 189 | Best Valid : 5.10/7.45 Ep. 21
Time elapsed: 43.51 min
Epoch: 191/200 | Batch 0000/0448 | Cost: 1.5395
Epoch: 191/200 | Batch 0050/0448 | Cost: 1.7203
Epoch: 191/200 | Batch 0100/0448 | Cost: 2.3154
Epoch: 191/200 | Batch 0150/0448 | Cost: 1.3570
Epoch: 191/200 | Batch 0200/0448 | Cost: 2.4378
Epoch: 191/200 | Batch 0300/0448 | Cost: 2.3018
Epoch: 191/200 | Batch 0350/0448 | Cost: 1.2004
Epoch: 191/200 | Batch 0400/0448 | Cost: 0.0959
MAE/RMSE: | Current Valid: 6.02/8.61 Ep. 190 | Best Valid : 5.10/7.45 Ep. 21
Time elapsed: 43.74 min
Epoch: 192/200 | Batch 0000/0448 | Cost: 2.2539
Epoch: 192/200 | Batch 0050/0448 | Cost: 2.5303
Epoch: 192/200 | Batch 0100/0448 | Cost: 1.5752
Epoch: 192/200 | Batch 0150/0448 | Cost: 1.8273
Epoch: 192/200 | Batch 0200/0448 | Cost: 2.3020
Epoch: 192/200 | Batch 0250/0448 | Cost: 1.7268
Epoch: 192/200 | Batch 0300/0448 | Cost: 1.8561
Epoch: 192/200 | Batch 0350/0448 | Cost: 1.8408
Epoch: 192/200 | Batch 0400/0448 | Cost: 2.4673
MAE/RMSE: | Current Valid: 6.05/9.08 Ep. 191 | Best Valid : 5.10/7.45 Ep. 21
Time elapsed: 43.97 min
Epoch: 193/200 | Batch 0000/0448 | Cost: 1.3565
Epoch: 193/200 | Batch 0050/0448 | Cost: 2.1577
Epoch: 193/200 | Batch 0100/0448 | Cost: 2.0773
Epoch: 193/200 | Batch 0150/0448 | Cost: 1.8999
Epoch: 193/200 | Batch 0200/0448 | Cost: 0.0530
Epoch: 193/200 | Batch 0250/0448 | Cost: 1.3742
Epoch: 193/200 | Batch 0300/0448 | Cost: 2.1750
Epoch: 193/200 | Batch 0350/0448 | Cost: 2.3504
Epoch: 193/200 | Batch 0400/0448 | Cost: 3.7070
MAE/RMSE: | Current Valid: 6.10/8.11 Ep. 192 | Best Valid : 5.10/7.45 Ep. 21
Time elapsed: 44.20 min
Epoch: 194/200 | Batch 0000/0448 | Cost: 1.3599
Epoch: 194/200 | Batch 0100/0448 | Cost: 2.7383
Epoch: 194/200 | Batch 0150/0448 | Cost: 4.4137
Epoch: 194/200 | Batch 0200/0448 | Cost: 1.5811
Epoch: 194/200 | Batch 0300/0448 | Cost: 3.6172
Epoch: 194/200 | Batch 0350/0448 | Cost: 2.1309
Epoch: 194/200 | Batch 0400/0448 | Cost: 2.1805
MAE/RMSE: | Current Valid: 6.31/8.73 Ep. 193 | Best Valid : 5.10/7.45 Ep. 21
Time elapsed: 44.42 min
Epoch: 195/200 | Batch 0000/0448 | Cost: 1.8129
Epoch: 195/200 | Batch 0050/0448 | Cost: 2.1620
Epoch: 195/200 | Batch 0100/0448 | Cost: 2.1457
Epoch: 195/200 | Batch 0150/0448 | Cost: 2.4325
Epoch: 195/200 | Batch 0200/0448 | Cost: 1.3752
Epoch: 195/200 | Batch 0250/0448 | Cost: 2.0653
Epoch: 195/200 | Batch 0350/0448 | Cost: 2.5029
Epoch: 195/200 | Batch 0400/0448 | Cost: 3.1255
MAE/RMSE: | Current Valid: 6.18/8.43 Ep. 194 | Best Valid : 5.10/7.45 Ep. 21
Time elapsed: 44.66 min
Epoch: 196/200 | Batch 0000/0448 | Cost: 1.8911
Epoch: 196/200 | Batch 0050/0448 | Cost: 3.7652
Epoch: 196/200 | Batch 0100/0448 | Cost: 0.8761
Epoch: 196/200 | Batch 0150/0448 | Cost: 2.7398
Epoch: 196/200 | Batch 0200/0448 | Cost: 0.8814
Epoch: 196/200 | Batch 0250/0448 | Cost: 2.2512
Epoch: 196/200 | Batch 0300/0448 | Cost: 1.9618
Epoch: 196/200 | Batch 0350/0448 | Cost: 2.8580
Epoch: 196/200 | Batch 0400/0448 | Cost: 2.6660
MAE/RMSE: | Current Valid: 6.20/8.66 Ep. 195 | Best Valid : 5.10/7.45 Ep. 21
Time elapsed: 44.89 min
Epoch: 197/200 | Batch 0000/0448 | Cost: 1.6841
Epoch: 197/200 | Batch 0050/0448 | Cost: 1.9702
Epoch: 197/200 | Batch 0100/0448 | Cost: 2.7709
Epoch: 197/200 | Batch 0150/0448 | Cost: 2.4489
Epoch: 197/200 | Batch 0350/0448 | Cost: 2.3572
Epoch: 197/200 | Batch 0400/0448 | Cost: 1.7177
MAE/RMSE: | Current Valid: 6.10/8.58 Ep. 196 | Best Valid : 5.10/7.45 Ep. 21
Time elapsed: 45.11 min
Epoch: 198/200 | Batch 0000/0448 | Cost: 2.0824
Epoch: 198/200 | Batch 0050/0448 | Cost: 1.2126
Epoch: 198/200 | Batch 0100/0448 | Cost: 5.8325
Epoch: 198/200 | Batch 0150/0448 | Cost: 2.8234
Epoch: 198/200 | Batch 0200/0448 | Cost: 2.1677
Epoch: 198/200 | Batch 0250/0448 | Cost: 1.4386
Epoch: 198/200 | Batch 0300/0448 | Cost: 1.8401
Epoch: 198/200 | Batch 0350/0448 | Cost: 1.4288
Epoch: 198/200 | Batch 0400/0448 | Cost: 0.4915
MAE/RMSE: | Current Valid: 6.14/8.75 Ep. 197 | Best Valid : 5.10/7.45 Ep. 21
Time elapsed: 45.34 min
Epoch: 199/200 | Batch 0000/0448 | Cost: 2.3718
Epoch: 199/200 | Batch 0100/0448 | Cost: 2.3818
Epoch: 199/200 | Batch 0150/0448 | Cost: 2.1339
Epoch: 199/200 | Batch 0200/0448 | Cost: 2.7820
Epoch: 199/200 | Batch 0250/0448 | Cost: 1.7912
Epoch: 199/200 | Batch 0300/0448 | Cost: 2.0432
Epoch: 199/200 | Batch 0350/0448 | Cost: 2.0928
Epoch: 199/200 | Batch 0400/0448 | Cost: 2.5118
MAE/RMSE: | Current Valid: 5.99/8.38 Ep. 198 | Best Valid : 5.10/7.45 Ep. 21
Time elapsed: 45.57 min
Epoch: 200/200 | Batch 0050/0448 | Cost: 2.0549
Epoch: 200/200 | Batch 0100/0448 | Cost: 2.3057
Epoch: 200/200 | Batch 0150/0448 | Cost: 2.1877
Epoch: 200/200 | Batch 0200/0448 | Cost: 3.3816
Epoch: 200/200 | Batch 0250/0448 | Cost: 1.6520
Epoch: 200/200 | Batch 0350/0448 | Cost: 3.2373
Epoch: 200/200 | Batch 0400/0448 | Cost: 3.0544
MAE/RMSE: | Current Valid: 6.14/8.89 Ep. 199 | Best Valid : 5.10/7.45 Ep. 21
Time elapsed: 45.79 min
MAE/RMSE: | Train: 0.44/0.82 | Valid: 6.14/8.89 | Test: 7.10/9.51
Total Training Time: 45.89 min
MAE/RMSE: | Best Train: 1.31/1.83 | Best Valid: 5.10/7.45 | Best Test: 6.23/8.40
